 Hello, world!
0

------------------------------------------------------------
Sender: LSF System <lsfadmin@t7c66f>
Subject: Job 28788: <./hello_seq> Done

Job <./hello_seq> was submitted from host <t10a1f> by user <Shelley.Melchior> in cluster <tide>.
Job was executed on host(s) <t7c66f>, in queue <dev>, as user <Shelley.Melchior> in cluster <tide>.
</u/Shelley.Melchior> was used as the home directory.
</u/Shelley.Melchior/training/lsf/hello_serial> was used as the working directory.
Started at Fri Mar 29 20:25:35 2013
Results reported at Fri Mar 29 20:25:35 2013

Your job looked like:

------------------------------------------------------------
# LSBATCH: User input
./hello_seq
------------------------------------------------------------

Successfully completed.

Resource usage summary:

    CPU time   :      0.02 sec.
    Max Memory :         2 MB
    Max Swap   :        32 MB

    Max Processes  :         1
    Max Threads    :         1

The output (if any) is above this job summary.

