=== ufbtab_ex - v11/09/12 ===
-- bfile='/ptmpp1/Shelley.Melchior/dumpjb_aircft.2015082718.31569/NC004003.2015082718'
 welcome to ufbtab_example - v11/09/12
  TSTR=>ACID                                                   <
      1 1) AFZA47   
      2 1) AFZA47   
      3 1) AFZA47   
      4 1) AFZA23   
      5 1) AFZA23   
      6 1) AFZA50   
      7 1) AFZA47   
      8 1) AFZA70   
      9 1) AFZA70   
     10 1) AFZA73   
     11 1) AFZA79   
     12 1) EU0253   
     13 1) EU3670   
     14 1) EU0253   
     15 1) EU3670   
     16 1) EU3670   
     17 1) EU0253   
     18 1) EU0253   
     19 1) EU3670   
     20 1) AFZA76   
     21 1) AFZA76   
     22 1) AFZA47   
     23 1) AFZA47   
     24 1) AFZA47   
     25 1) EU0253   
     26 1) EU0951   
     27 1) EU0951   
     28 1) EU0951   
     29 1) EU0951   
     30 1) EU0951   
     31 1) EU0951   
     32 1) EU0951   
     33 1) EU0951   
     34 1) JP9Z4X57 
     35 1) JP9Z578Z 
     36 1) JP9Z4X57 
     37 1) JP9Z578Z 
     38 1) AFZA09   
     39 1) AFZA09   
     40 1) AFZA75   
     41 1) JP9Z578Z 
     42 1) JP9Z578Z 
     43 1) JP9ZVY7Z 
     44 1) JP9ZVY7Z 
     45 1) AFZA47   
     46 1) AFZA47   
     47 1) AFZA47   
     48 1) AFZA47   
     49 1) AFZA47   
     50 1) AFZA48   
     51 1) AFZA48   
     52 1) AFZA09   
     53 1) AFZA09   
     54 1) AFZA09   
     55 1) AFZA09   
     56 1) AFZA09   
     57 1) AFZA09   
     58 1) AFZA09   
     59 1) AFZA09   
     60 1) AFZA09   
     61 1) AFZA74   
     62 1) EU0951   
     63 1) EU0951   
     64 1) AFZA48   
     65 1) AFZA48   
     66 1) AFZA74   
     67 1) AFZA75   
     68 1) AFZA75   
     69 1) AFZA75   
     70 1) AFZA75   
     71 1) AFZA75   
     72 1) AFZA75   
     73 1) AFZA75   
     74 1) AFZA75   
     75 1) AFZA75   
     76 1) AFZA75   
     77 1) AFZA75   
     78 1) AFZA75   
     79 1) AFZA46   
     80 1) AFZA46   
     81 1) AFZA09   
     82 1) AFZA09   
     83 1) AFZA09   
     84 1) AFZA48   
     85 1) AFZA48   
     86 1) AFZA48   
     87 1) AFZA74   
     88 1) AFZA48   
     89 1) AFZA48   
     90 1) AFZA48   
     91 1) AFZA48   
     92 1) AFZA49   
     93 1) AFZA71   
     94 1) AFZA71   
     95 1) AFZA71   
     96 1) AFZA71   
     97 1) AFZA71   
     98 1) AFZA71   
     99 1) AFZA71   
    100 1) AFZA71   
    101 1) AFZA46   
    102 1) AFZA46   
    103 1) AFZA46   
    104 1) AFZA46   
    105 1) AFZA48   
    106 1) AFZA48   
    107 1) AFZA48   
    108 1) AFZA49   
    109 1) EU0253   
    110 1) EU0253   
    111 1) EU0253   
    112 1) EU0253   
    113 1) EU0253   
    114 1) EU0253   
    115 1) EU0253   
    116 1) AFZA25   
    117 1) AFZA25   
    118 1) AFZA25   
    119 1) AFZA25   
    120 1) AFZA25   
    121 1) EU0253   
    122 1) EU0253   
    123 1) EU0253   
    124 1) EU0253   
    125 1) EU0253   
    126 1) EU0253   
    127 1) EU0253   
    128 1) EU0253   
    129 1) EU0253   
    130 1) EU0253   
    131 1) EU0253   
    132 1) EU0253   
    133 1) EU0253   
    134 1) EU0253   
    135 1) EU0253   
    136 1) AFZA60   
    137 1) AFZA60   
    138 1) EU0253   
    139 1) EU0253   
    140 1) EU0253   
    141 1) EU0253   
    142 1) EU0253   
    143 1) EU0253   
    144 1) EU0253   
    145 1) EU0253   
    146 1) EU0951   
    147 1) EU0951   
    148 1) EU0951   
    149 1) EU0951   
    150 1) EU0951   
    151 1) EU0951   
    152 1) EU0951   
    153 1) EU0951   
    154 1) EU0951   
    155 1) EU0951   
    156 1) EU0951   
    157 1) EU0951   
    158 1) AFZA44   
    159 1) AFZA44   
    160 1) AFZA44   
    161 1) AFZA44   
    162 1) AFZA49   
    163 1) AFZA49   
    164 1) AFZA49   
    165 1) AFZA49   
    166 1) AFZA25   
    167 1) AFZA25   
    168 1) AFZA25   
    169 1) AFZA25   
    170 1) AFZA25   
    171 1) AFZA25   
    172 1) AFZA25   
    173 1) AFZA25   
    174 1) AFZA25   
    175 1) AFZA25   
    176 1) AFZA25   
    177 1) AFZA46   
    178 1) AFZA46   
    179 1) AFZA60   
    180 1) AFZA44   
    181 1) AFZA44   
    182 1) AFZA44   
    183 1) AFZA46   
    184 1) AFZA49   
    185 1) AFZA60   
    186 1) AFZA60   
    187 1) AFZA46   
    188 1) AFZA49   
    189 1) EU0551   
    190 1) EU0551   
    191 1) EU0551   
    192 1) EU0551   
    193 1) EU0551   
    194 1) EU0551   
    195 1) EU0551   
    196 1) EU0551   
    197 1) EU0551   
    198 1) EU0551   
    199 1) EU0551   
    200 1) EU0551   
    201 1) EU0551   
    202 1) EU0551   
    203 1) EU0551   
    204 1) EU0551   
    205 1) EU0551   
    206 1) EU0551   
    207 1) EU0551   
    208 1) EU0551   
    209 1) EU0551   
    210 1) EU0551   
    211 1) AFZA49   
    212 1) AFZA49   
    213 1) EU0551   
    214 1) EU0551   
    215 1) EU0551   
    216 1) EU0551   
    217 1) EU0551   
    218 1) EU0551   
    219 1) EU0551   
    220 1) EU0551   
    221 1) AFZA44   
    222 1) AFZA44   
    223 1) AFZA44   
    224 1) AFZA44   
    225 1) AFZA44   
    226 1) AFZA44   
    227 1) AFZA44   
    228 1) AFZA44   
    229 1) AFZA44   
    230 1) AFZA49   
    231 1) AFZA49   
    232 1) AFZA49   
    233 1) AFZA49   
    234 1) JP9Z4X57 
    235 1) JP9Z5871 
    236 1) AFZA75   
    237 1) AFZA75   
    238 1) AFZA75   
    239 1) AFZA75   
    240 1) AFZA75   
    241 1) AFZA49   
    242 1) AFZA61   
    243 1) AFZA61   
    244 1) AFZA61   
    245 1) AFZA61   
    246 1) AFZA61   
    247 1) AFZA61   
    248 1) AFZA73   
    249 1) EU0957   
    250 1) EU0957   
    251 1) EU0957   
    252 1) EU0957   
    253 1) EU0957   
    254 1) AFZA70   
    255 1) AFZA70   
    256 1) AFZA70   
    257 1) AFZA70   
    258 1) AFZA70   
    259 1) AFZA70   
    260 1) AFZA70   
    261 1) EU0957   
    262 1) EU0957   
    263 1) EU0957   
    264 1) EU0957   
    265 1) EU0957   
    266 1) EU0957   
    267 1) EU0957   
    268 1) EU0957   
    269 1) EU0957   
    270 1) EU0957   
    271 1) EU0957   
    272 1) EU0957   
    273 1) EU0957   
    274 1) EU0957   
    275 1) EU0957   
    276 1) EU0957   
    277 1) EU0957   
    278 1) EU0957   
    279 1) EU0957   
    280 1) EU0957   
    281 1) EU0957   
    282 1) EU0957   
    283 1) EU0957   
    284 1) AFZA61   
    285 1) AFZA61   
    286 1) AFZA73   
    287 1) AFZA73   
    288 1) AFZA73   
    289 1) AFZA73   
    290 1) AFZA73   
    291 1) AFZA75   
    292 1) AFZA75   
    293 1) AFZA73   
    294 1) AFZA75   
    295 1) EU0957   
    296 1) EU0957   
    297 1) AFZA61   
    298 1) AFZA61   
    299 1) AFZA73   
    300 1) AFZA05   
    301 1) AFZA05   
    302 1) AFZA05   
    303 1) AFZA05   
    304 1) AFZA05   
    305 1) AFZA05   
    306 1) EU0957   
    307 1) EU0957   
    308 1) EU0957   
    309 1) EU0957   
    310 1) EU0957   
    311 1) EU0957   
    312 1) EU0957   
    313 1) EU0957   
    314 1) AFZA05   
    315 1) AFZA05   
    316 1) AFZA05   
    317 1) AFZA05   
    318 1) AFZA05   
    319 1) AFZA05   
    320 1) AFZA05   
    321 1) AFZA44   
    322 1) AFZA44   
    323 1) AFZA44   
    324 1) AFZA44   
    325 1) AFZA50   
    326 1) AFZA50   
    327 1) AFZA50   
    328 1) AFZA50   
    329 1) AFZA50   
    330 1) EU0957   
    331 1) EU0957   
    332 1) AFZA73   
    333 1) AFZA73   
    334 1) AFZA44   
    335 1) AFZA61   
    336 1) AFZA61   
    337 1) AFZA61   
    338 1) AFZA70   
    339 1) AFZA70   
    340 1) AFZA70   
    341 1) AFZA70   
    342 1) AFZA70   
    343 1) AFZA70   
    344 1) AFZA70   
    345 1) AFZA70   
    346 1) AFZA70   
    347 1) AFZA70   
    348 1) AFZA73   
    349 1) AFZA05   
    350 1) AFZA05   
    351 1) AFZA05   
    352 1) AFZA70   
    353 1) AFZA70   
    354 1) AFZA70   
    355 1) AFZA79   
    356 1) AFZA79   
    357 1) AFZA72   
    358 1) AFZA72   
    359 1) AFZA72   
    360 1) AFZA72   
    361 1) AFZA72   
    362 1) AFZA72   
    363 1) AFZA72   
    364 1) AFZA72   
    365 1) AFZA71   
    366 1) AFZA79   
    367 1) AFZA79   
    368 1) AFZA79   
    369 1) AFZA79   
    370 1) AFZA70   
    371 1) AFZA44   
    372 1) AFZA44   
    373 1) AFZA44   
    374 1) AFZA50   
    375 1) AFZA73   
    376 1) AFZA73   
    377 1) AFZA79   
    378 1) AFZA95   
    379 1) AFZA95   
    380 1) AFZA95   
    381 1) AFZA95   
    382 1) AFZA95   
    383 1) AFZA95   
    384 1) AFZA95   
    385 1) AFZA95   
    386 1) AFZA70   
    387 1) EU0566   
    388 1) EU0566   
    389 1) EU0566   
    390 1) EU0566   
    391 1) EU0566   
    392 1) EU0566   
    393 1) EU0566   
    394 1) EU0566   
    395 1) EU0566   
    396 1) EU0566   
    397 1) EU0566   
    398 1) EU0566   
    399 1) EU0566   
    400 1) EU0566   
    401 1) EU0566   
    402 1) EU0566   
    403 1) EU0566   
    404 1) EU0566   
    405 1) EU0566   
    406 1) EU0566   
    407 1) EU0566   
    408 1) EU0566   
    409 1) AFZA47   
    410 1) AFZA25   
    411 1) AFZA25   
    412 1) AFZA25   
    413 1) AFZA25   
    414 1) AFZA25   
    415 1) AFZA25   
    416 1) AFZA25   
    417 1) AFZA25   
    418 1) AFZA76   
    419 1) AFZA76   
    420 1) AFZA76   
    421 1) AFZA76   
    422 1) AFZA76   
    423 1) AFZA76   
    424 1) AFZA76   
    425 1) AFZA76   
    426 1) AFZA71   
    427 1) AFZA71   
    428 1) AFZA71   
    429 1) AFZA71   
    430 1) AFZA71   
    431 1) AFZA71   
    432 1) AFZA71   
    433 1) AFZA50   
    434 1) AFZA50   
    435 1) AFZA79   
    436 1) EU0566   
    437 1) EU0566   
    438 1) EU0566   
    439 1) EU0566   
    440 1) EU0566   
    441 1) EU0566   
    442 1) EU0566   
    443 1) AU0079   
    444 1) AU0079   
    445 1) AU0080   
    446 1) AU0080   
    447 1) AU0079   
    448 1) AU0079   
    449 1) AU0079   
    450 1) AU0079   
    451 1) AU0079   
    452 1) AU0080   
    453 1) AU0080   
    454 1) AU0080   
    455 1) AU0176   
    456 1) AU0176   
    457 1) AU0176   
    458 1) AU0050   
    459 1) AU0050   
    460 1) AU0050   
    461 1) AU0050   
    462 1) AU0050   
    463 1) AU0050   
    464 1) AU0050   
    465 1) AU0050   
    466 1) AFZA05   
    467 1) AFZA05   
    468 1) AFZA05   
    469 1) AFZA05   
    470 1) AFZA05   
    471 1) AFZA05   
    472 1) AFZA05   
    473 1) AFZA05   
    474 1) EU0269   
    475 1) EU0269   
    476 1) EU0269   
    477 1) EU0269   
    478 1) EU0269   
    479 1) EU0269   
    480 1) EU0269   
    481 1) EU0269   
    482 1) EU0269   
    483 1) EU0269   
    484 1) EU0269   
    485 1) EU0269   
    486 1) EU0269   
    487 1) EU0269   
    488 1) EU0269   
    489 1) EU0269   
    490 1) EU0269   
    491 1) EU0566   
    492 1) AFZA47   
    493 1) AFZA47   
    494 1) AFZA47   
    495 1) AFZA47   
    496 1) AFZA47   
    497 1) AFZA47   
    498 1) AFZA47   
    499 1) AFZA95   
    500 1) AFZA95   
    501 1) AFZA95   
    502 1) AFZA95   
    503 1) AFZA95   
    504 1) AFZA95   
    505 1) AU0176   
    506 1) AU0176   
    507 1) AU0176   
    508 1) AU0176   
    509 1) AFZA79   
    510 1) AFZA48   
    511 1) AFZA48   
    512 1) AFZA48   
    513 1) AFZA48   
    514 1) AFZA48   
    515 1) AFZA48   
    516 1) AFZA48   
    517 1) AU0059   
    518 1) JP9Z4X57 
    519 1) JP9Z5871 
    520 1) JP9Z5871 
    521 1) JP9Z58XZ 
    522 1) JP9Z58XZ 
    523 1) JP9ZVYY9 
    524 1) JP9ZVYY9 
    525 1) JP9ZVYY9 
    526 1) JP9ZVYY9 
    527 1) JP9ZVYY9 
    528 1) JP9ZVYY9 
    529 1) JP9ZVYY9 
    530 1) JP9ZVYY9 
    531 1) JP9Z4556 
    532 1) JP9Z4UV8 
    533 1) JP9Z4X57 
    534 1) JP9Z58XZ 
    535 1) JP9Z58XZ 
    536 1) JP9Z5Y59 
    537 1) JP9Z5Y59 
    538 1) JP9Z5Y59 
    539 1) JP9Z5Y59 
    540 1) JP9ZVXV9 
    541 1) JP9ZVXV9 
    542 1) JP9ZVXV9 
    543 1) JP9ZVXV9 
    544 1) JP9ZVXV9 
    545 1) JP9ZVYY9 
    546 1) JP9Z4556 
    547 1) JP9Z4556 
    548 1) JP9Z4556 
    549 1) JP9Z4556 
    550 1) JP9Z4556 
    551 1) JP9Z4X57 
    552 1) JP9Z58XZ 
    553 1) JP9Z5Y59 
    554 1) JP9Z5Y59 
    555 1) JP9Z5Y59 
    556 1) JP9Z5Y59 
    557 1) JP9ZVXV9 
    558 1) JP9ZVXV9 
    559 1) JP9ZVY7Z 
    560 1) AU0079   
    561 1) AFZA79   
    562 1) AFZA79   
    563 1) EU0269   
    564 1) EU0269   
    565 1) EU0269   
    566 1) EU0269   
    567 1) EU0269   
    568 1) EU0269   
    569 1) EU0269   
    570 1) EU0269   
    571 1) EU0269   
    572 1) EU0269   
    573 1) EU0269   
    574 1) EU0269   
    575 1) AU0050   
    576 1) EU0269   
    577 1) AFZA79   
    578 1) AFZA79   
    579 1) AFZA79   
    580 1) AFZA79   
    581 1) AFZA48   
    582 1) AFZA48   
    583 1) AFZA48   
    584 1) AFZA48   
    585 1) AFZA48   
    586 1) AFZA48   
    587 1) EU0935   
    588 1) EU0935   
    589 1) EU0935   
    590 1) EU0935   
    591 1) EU0935   
    592 1) EU0935   
    593 1) EU0935   
    594 1) EU0935   
    595 1) EU0935   
    596 1) EU0935   
    597 1) EU0935   
    598 1) EU0935   
    599 1) EU0959   
    600 1) EU0959   
    601 1) EU0959   
    602 1) EU0959   
    603 1) EU0959   
    604 1) EU0959   
    605 1) EU0959   
    606 1) EU0959   
    607 1) EU0959   
    608 1) EU0959   
    609 1) EU0959   
    610 1) EU0959   
    611 1) EU0959   
    612 1) EU0959   
    613 1) EU0959   
    614 1) EU0959   
    615 1) EU0959   
    616 1) EU0959   
    617 1) EU0935   
    618 1) EU0959   
    619 1) EU0959   
    620 1) EU0959   
    621 1) EU0959   
    622 1) EU0959   
    623 1) EU0959   
    624 1) EU0959   
    625 1) EU0959   
    626 1) EU0959   
    627 1) EU0959   
    628 1) EU0959   
    629 1) EU0935   
    630 1) EU0935   
    631 1) EU0935   
    632 1) EU0935   
    633 1) EU0935   
    634 1) EU0935   
    635 1) EU0935   
    636 1) EU0935   
    637 1) EU0935   
    638 1) EU0935   
    639 1) EU0935   
    640 1) EU0935   
    641 1) EU0935   
    642 1) EU0935   
    643 1) EU0935   
    644 1) AFZA77   
    645 1) AFZA77   
    646 1) AFZA77   
    647 1) AFZA77   
    648 1) AFZA77   
    649 1) AFZA77   
    650 1) AFZA77   
    651 1) AFZA77   
    652 1) AFZA94   
    653 1) AFZA94   
    654 1) AFZA94   
    655 1) AFZA94   
    656 1) AFZA94   
    657 1) AFZA94   
    658 1) AFZA94   
    659 1) AU0078   
    660 1) AU0078   
    661 1) AU0058   
    662 1) AU0058   
    663 1) AU0058   
    664 1) AU0078   
    665 1) AU0078   
    666 1) AU0078   
    667 1) AU0078   
    668 1) AU0078   
    669 1) AU0078   
    670 1) AU0078   
    671 1) AU0078   
    672 1) AFZA60   
    673 1) AFZA60   
    674 1) AFZA94   
    675 1) AFZA74   
    676 1) AFZA74   
    677 1) AFZA74   
    678 1) AFZA74   
    679 1) AFZA74   
    680 1) AFZA74   
    681 1) EU0959   
    682 1) EU0959   
    683 1) EU0983   
    684 1) EU0983   
    685 1) EU0983   
    686 1) EU0983   
    687 1) EU0983   
    688 1) EU0983   
    689 1) EU0983   
    690 1) EU0983   
    691 1) EU8478   
    692 1) EU8478   
    693 1) EU8478   
    694 1) EU8478   
    695 1) EU8478   
    696 1) EU8478   
    697 1) EU8478   
    698 1) AFZA24   
    699 1) AFZA24   
    700 1) AFZA24   
    701 1) AFZA24   
    702 1) AFZA24   
    703 1) AFZA24   
    704 1) AFZA24   
    705 1) AFZA48   
    706 1) AFZA48   
    707 1) EU0983   
    708 1) EU0983   
    709 1) EU0983   
    710 1) EU0983   
    711 1) EU8478   
    712 1) EU8478   
    713 1) EU8478   
    714 1) EU8478   
    715 1) EU8478   
    716 1) EU8478   
    717 1) EU8478   
    718 1) EU8478   
    719 1) EU8478   
    720 1) EU8478   
    721 1) EU8478   
    722 1) EU8478   
    723 1) EU8478   
    724 1) EU8478   
    725 1) EU0983   
    726 1) EU0983   
    727 1) EU0983   
    728 1) EU0983   
    729 1) EU0983   
    730 1) EU0983   
    731 1) EU0983   
    732 1) EU0983   
    733 1) EU0983   
    734 1) EU0983   
    735 1) EU0983   
    736 1) EU0983   
    737 1) EU0184   
    738 1) EU0184   
    739 1) EU0184   
    740 1) EU0184   
    741 1) EU0184   
    742 1) EU0184   
    743 1) EU0184   
    744 1) EU0184   
    745 1) EU0184   
    746 1) EU0184   
    747 1) EU0184   
    748 1) EU0184   
    749 1) EU0184   
    750 1) EU0184   
    751 1) EU0184   
    752 1) EU0184   
    753 1) EU0184   
    754 1) EU0983   
    755 1) EU0983   
    756 1) EU0983   
    757 1) EU0983   
    758 1) EU0983   
    759 1) EU0983   
    760 1) EU8478   
    761 1) EU8478   
    762 1) EU8478   
    763 1) EU8478   
    764 1) EU8478   
    765 1) EU8478   
    766 1) EU8478   
    767 1) AFZA44   
    768 1) AFZA44   
    769 1) AFZA44   
    770 1) AFZA44   
    771 1) AFZA44   
    772 1) AFZA46   
    773 1) AFZA46   
    774 1) AFZA46   
    775 1) AFZA46   
    776 1) AFZA46   
    777 1) AFZA44   
    778 1) AFZA46   
    779 1) AFZA46   
    780 1) AFZA46   
    781 1) EU8478   
    782 1) EU8478   
    783 1) EU8478   
    784 1) EU8478   
    785 1) EU8478   
    786 1) EU8478   
    787 1) EU8478   
    788 1) EU8478   
    789 1) EU8478   
    790 1) EU8478   
    791 1) EU8478   
    792 1) EU8478   
    793 1) AFZA46   
    794 1) EU0959   
    795 1) EU0959   
    796 1) EU0959   
    797 1) EU0959   
    798 1) EU0959   
    799 1) EU0959   
    800 1) EU0959   
    801 1) EU0959   
    802 1) AFZA21   
    803 1) AFZA21   
    804 1) AFZA21   
    805 1) AFZA21   
    806 1) AFZA21   
    807 1) AFZA21   
    808 1) AFZA21   
    809 1) AFZA21   
    810 1) AFZA21   
    811 1) AFZA21   
    812 1) AFZA21   
    813 1) AFZA21   
    814 1) AFZA21   
    815 1) AFZA21   
    816 1) AFZA21   
    817 1) AFZA24   
    818 1) AFZA44   
    819 1) AFZA44   
    820 1) AU0058   
    821 1) AU0058   
    822 1) AU0176   
    823 1) AU0176   
    824 1) AU0176   
    825 1) AU0176   
    826 1) AU0059   
    827 1) EU0184   
    828 1) EU0184   
    829 1) EU0184   
    830 1) EU0184   
    831 1) EU0184   
    832 1) EU0184   
    833 1) EU0184   
    834 1) EU0184   
    835 1) EU0184   
    836 1) EU0184   
    837 1) EU0184   
    838 1) EU0184   
    839 1) EU0184   
    840 1) JP9Z4556 
    841 1) JP9Z4556 
    842 1) JP9Z4UV8 
    843 1) JP9Z5871 
    844 1) JP9Z5871 
    845 1) JP9Z5871 
    846 1) JP9Z58XZ 
    847 1) JP9Z5Y59 
    848 1) JP9ZV869 
    849 1) JP9ZVXV9 
    850 1) JP9ZVXV9 
    851 1) JP9ZVY7Z 
    852 1) AFZA24   
    853 1) AFZA24   
    854 1) AFZA72   
    855 1) AFZA72   
    856 1) AFZA72   
    857 1) AFZA72   
    858 1) AFZA24   
    859 1) AFZA24   
    860 1) AFZA46   
    861 1) AFZA46   
    862 1) AFZA46   
    863 1) AFZA46   
    864 1) AFZA46   
    865 1) AFZA46   
    866 1) AFZA46   
    867 1) AFZA60   
    868 1) AFZA60   
    869 1) AFZA60   
    870 1) AFZA60   
    871 1) AFZA60   
    872 1) AFZA60   
    873 1) AFZA72   
    874 1) AFZA72   
    875 1) AFZA72   
    876 1) AFZA72   
    877 1) AFZA24   
    878 1) AFZA24   
    879 1) AFZA24   
    880 1) AFZA24   
    881 1) AFZA24   
    882 1) AFZA24   
    883 1) AFZA47   
    884 1) AFZA47   
    885 1) AFZA78   
    886 1) AFZA78   
    887 1) AFZA78   
    888 1) AFZA78   
    889 1) AFZA78   
    890 1) AFZA78   
    891 1) AFZA78   
    892 1) AFZA47   
    893 1) AFZA47   
    894 1) AFZA47   
    895 1) AFZA47   
    896 1) AFZA47   
    897 1) AFZA47   
    898 1) AFZA94   
    899 1) AFZA94   
    900 1) AFZA94   
    901 1) EU2484   
    902 1) EU2484   
    903 1) EU2484   
    904 1) EU4463   
    905 1) EU4463   
    906 1) EU4463   
    907 1) EU4463   
    908 1) EU4463   
    909 1) EU4463   
    910 1) EU4463   
    911 1) EU4463   
    912 1) EU2484   
    913 1) EU2484   
    914 1) EU2484   
    915 1) EU2484   
    916 1) EU2484   
    917 1) EU2484   
    918 1) EU4463   
    919 1) EU2484   
    920 1) EU2484   
    921 1) EU2484   
    922 1) EU2484   
    923 1) EU2484   
    924 1) EU2484   
    925 1) EU2484   
    926 1) EU2484   
    927 1) EU2484   
    928 1) EU4463   
    929 1) EU4463   
    930 1) EU4463   
    931 1) EU4463   
    932 1) EU4463   
    933 1) EU4463   
    934 1) EU2484   
    935 1) EU2484   
    936 1) EU2484   
    937 1) EU2484   
    938 1) EU2484   
    939 1) EU2484   
    940 1) EU2484   
    941 1) EU2484   
    942 1) EU2484   
    943 1) EU2484   
    944 1) EU2484   
    945 1) EU2484   
    946 1) EU2484   
    947 1) EU4463   
    948 1) EU4463   
    949 1) EU4463   
    950 1) EU4463   
    951 1) EU4463   
    952 1) EU4463   
    953 1) EU4463   
    954 1) EU4463   
    955 1) EU2484   
    956 1) EU2484   
    957 1) EU2484   
    958 1) EU2484   
    959 1) EU2484   
    960 1) EU2484   
    961 1) EU2484   
    962 1) AFZA48   
    963 1) EU4463   
    964 1) EU4463   
    965 1) EU4463   
    966 1) EU4463   
    967 1) EU4463   
    968 1) EU4463   
    969 1) EU4463   
    970 1) EU4463   
    971 1) EU4463   
    972 1) EU4463   
    973 1) EU4463   
    974 1) EU4463   
    975 1) EU4463   
    976 1) EU4463   
    977 1) AFZA78   
    978 1) AFZA78   
    979 1) AFZA78   
    980 1) AFZA78   
    981 1) AFZA78   
    982 1) AFZA78   
    983 1) AFZA78   
    984 1) AFZA78   
    985 1) AFZA94   
    986 1) AFZA94   
    987 1) AFZA94   
    988 1) AFZA94   
    989 1) AFZA94   
    990 1) AFZA48   
    991 1) AFZA48   
    992 1) AFZA48   
    993 1) AFZA75   
    994 1) AFZA75   
    995 1) AFZA75   
    996 1) AFZA75   
    997 1) AFZA75   
    998 1) AFZA75   
    999 1) AFZA75   
   1000 1) AFZA75   
   1001 1) AFZA48   
   1002 1) AFZA48   
   1003 1) AFZA48   
   1004 1) AFZA48   
   1005 1) AFZA21   
   1006 1) AFZA21   
   1007 1) AFZA21   
   1008 1) AFZA21   
   1009 1) AFZA21   
   1010 1) AFZA21   
   1011 1) AFZA21   
   1012 1) AFZA21   
   1013 1) AFZA21   
   1014 1) AFZA77   
   1015 1) EU0951   
   1016 1) EU0951   
   1017 1) EU0951   
   1018 1) EU0951   
   1019 1) EU0951   
   1020 1) EU0951   
   1021 1) EU0951   
   1022 1) EU0951   
   1023 1) EU0951   
   1024 1) EU0951   
   1025 1) EU0951   
   1026 1) EU0951   
   1027 1) EU0951   
   1028 1) EU0951   
   1029 1) EU0951   
   1030 1) EU0951   
   1031 1) EU0951   
   1032 1) EU0951   
   1033 1) EU0951   
   1034 1) EU0951   
   1035 1) EU0951   
   1036 1) EU0951   
   1037 1) EU0951   
   1038 1) EU0951   
   1039 1) EU0951   
   1040 1) EU0951   
   1041 1) EU0951   
   1042 1) EU0951   
   1043 1) EU0951   
   1044 1) AU0078   
   1045 1) AU0079   
   1046 1) AU0153   
   1047 1) AU0175   
   1048 1) AU0175   
   1049 1) AU0175   
   1050 1) AU0175   
   1051 1) AU0175   
   1052 1) AU0176   
   1053 1) AU0176   
   1054 1) AU0176   
   1055 1) AU0153   
   1056 1) AU0079   
   1057 1) AU0176   
   1058 1) AU0176   
   1059 1) AU0176   
   1060 1) AU0176   
   1061 1) AU0176   
   1062 1) AU0176   
   1063 1) AU0080   
   1064 1) AU0175   
   1065 1) AU0175   
   1066 1) AU0175   
   1067 1) AU0175   
   1068 1) AU0175   
   1069 1) AU0176   
   1070 1) AU0176   
   1071 1) AU0176   
   1072 1) AU0175   
   1073 1) AU0175   
   1074 1) AU0175   
   1075 1) AU0175   
   1076 1) AU0175   
   1077 1) AU0078   
   1078 1) AU0078   
   1079 1) AU0078   
   1080 1) AU0080   
   1081 1) AU0080   
   1082 1) AU0080   
   1083 1) AU0153   
   1084 1) AU0153   
   1085 1) AU0153   
   1086 1) AU0153   
   1087 1) AU0153   
   1088 1) AU0153   
   1089 1) AU0175   
   1090 1) AU0175   
   1091 1) AU0175   
   1092 1) AU0175   
   1093 1) AU0175   
   1094 1) AU0079   
   1095 1) AU0079   
   1096 1) AU0079   
   1097 1) AU0079   
   1098 1) AU0080   
   1099 1) AU0080   
   1100 1) AU0080   
   1101 1) AU0080   
   1102 1) AU0079   
   1103 1) AU0079   
   1104 1) AFZA76   
   1105 1) AFZA76   
   1106 1) AFZA76   
   1107 1) AFZA76   
   1108 1) AFZA76   
   1109 1) AFZA76   
   1110 1) AFZA76   
   1111 1) AFZA76   
   1112 1) AFZA77   
   1113 1) AFZA77   
   1114 1) AFZA77   
   1115 1) AFZA77   
   1116 1) AFZA77   
   1117 1) AFZA77   
   1118 1) AFZA77   
   1119 1) EU3670   
   1120 1) EU3670   
   1121 1) EU3670   
   1122 1) EU3670   
   1123 1) EU3670   
   1124 1) EU3670   
   1125 1) EU3670   
   1126 1) EU3670   
   1127 1) EU3670   
   1128 1) EU3670   
   1129 1) EU3670   
   1130 1) EU3670   
   1131 1) EU3670   
   1132 1) EU3670   
   1133 1) EU3670   
   1134 1) JP9Z4749 
   1135 1) JP9Z4749 
   1136 1) JP9Z4749 
   1137 1) JP9Z4749 
   1138 1) JP9Z4UV8 
   1139 1) JP9Z4X57 
   1140 1) JP9Z4X57 
   1141 1) JP9Z4XX9 
   1142 1) JP9Z4XX9 
   1143 1) JP9Z58W1 
   1144 1) JP9ZV869 
   1145 1) JP9ZV869 
   1146 1) JP9ZVW5Z 
   1147 1) JP9ZVWVZ 
   1148 1) JP9ZVWVZ 
   1149 1) JP9ZVWVZ 
   1150 1) AU0058   
   1151 1) AU0080   
   1152 1) AU0175   
   1153 1) JP9Z4556 
   1154 1) JP9Z4749 
   1155 1) JP9ZV869 
   1156 1) JP9Z4749 
   1157 1) JP9Z4749 
   1158 1) JP9Z4749 
   1159 1) JP9Z4749 
   1160 1) JP9Z4749 
   1161 1) JP9Z4XX9 
   1162 1) JP9Z4XX9 
   1163 1) JP9Z4XX9 
   1164 1) JP9Z4XX9 
   1165 1) JP9ZV869 
   1166 1) JP9ZV869 
   1167 1) JP9ZVWVZ 
   1168 1) JP9ZVWVZ 
   1169 1) JP9ZVWVZ 
   1170 1) JP9ZVY7Z 
   1171 1) AFZA26   
   1172 1) AFZA26   
   1173 1) AFZA26   
   1174 1) AFZA26   
   1175 1) AFZA26   
   1176 1) AFZA26   
   1177 1) AFZA26   
   1178 1) AFZA26   
   1179 1) AU0058   
   1180 1) JP9ZVY7Z 
   1181 1) AU0175   
   1182 1) AU0176   
   1183 1) JP9Z4556 
   1184 1) JP9Z4749 
   1185 1) JP9Z4749 
   1186 1) JP9Z4XX9 
   1187 1) JP9Z58W1 
   1188 1) JP9Z58W1 
   1189 1) JP9Z58XZ 
   1190 1) JP9ZVW5Z 
   1191 1) JP9ZVW5Z 
   1192 1) JP9ZVW5Z 
   1193 1) EU3670   
   1194 1) EU3670   
   1195 1) EU3670   
   1196 1) EU3670   
   1197 1) EU3670   
   1198 1) EU3670   
   1199 1) EU3670   
   1200 1) EU3670   
   1201 1) EU3670   
   1202 1) EU3670   
   1203 1) EU3670   
   1204 1) EU3670   
   1205 1) EU3670   
   1206 1) EU3670   
   1207 1) EU3670   
   1208 1) EU0271   
   1209 1) EU0271   
   1210 1) EU0271   
   1211 1) EU0271   
   1212 1) EU0271   
   1213 1) AFZA60   
   1214 1) AFZA60   
   1215 1) AFZA60   
   1216 1) AFZA60   
   1217 1) AFZA60   
   1218 1) AFZA60   
   1219 1) AFZA60   
   1220 1) AFZA60   
   1221 1) EU0269   
   1222 1) EU0269   
   1223 1) EU0269   
   1224 1) EU0269   
   1225 1) EU0269   
   1226 1) EU0269   
   1227 1) EU0269   
   1228 1) EU0269   
   1229 1) EU0269   
   1230 1) EU0578   
   1231 1) EU0578   
   1232 1) EU0578   
   1233 1) EU0578   
   1234 1) EU0578   
   1235 1) EU0578   
   1236 1) EU3670   
   1237 1) EU3670   
   1238 1) EU3670   
   1239 1) EU3670   
   1240 1) EU3670   
   1241 1) EU0578   
   1242 1) EU0578   
   1243 1) EU0578   
   1244 1) EU0578   
   1245 1) EU0271   
   1246 1) EU0271   
   1247 1) EU0271   
   1248 1) EU0271   
   1249 1) EU0271   
   1250 1) EU0271   
   1251 1) EU0578   
   1252 1) EU0578   
   1253 1) EU0578   
   1254 1) EU0578   
   1255 1) EU0578   
   1256 1) AFZA79   
   1257 1) AFZA79   
   1258 1) AFZA79   
   1259 1) AFZA79   
   1260 1) AFZA79   
   1261 1) AFZA79   
   1262 1) AFZA79   
   1263 1) AFZA79   
   1264 1) EU0271   
   1265 1) EU0271   
   1266 1) EU0271   
   1267 1) EU0271   
   1268 1) EU0271   
   1269 1) EU0271   
   1270 1) EU0271   
   1271 1) EU0271   
   1272 1) EU0271   
   1273 1) EU0271   
   1274 1) AFZA76   
   1275 1) AFZA76   
   1276 1) AFZA76   
   1277 1) AFZA76   
   1278 1) AFZA76   
   1279 1) AFZA76   
   1280 1) AFZA76   
   1281 1) AFZA94   
   1282 1) AFZA94   
   1283 1) AFZA94   
   1284 1) AFZA94   
   1285 1) EU0951   
   1286 1) AU0078   
   1287 1) AU0079   
   1288 1) AU0153   
   1289 1) AU0175   
   1290 1) AU0175   
   1291 1) EU0269   
   1292 1) EU0269   
   1293 1) EU0269   
   1294 1) EU0578   
   1295 1) EU0578   
   1296 1) EU0578   
   1297 1) EU0578   
   1298 1) EU0578   
   1299 1) EU0578   
   1300 1) EU0269   
   1301 1) EU0269   
   1302 1) EU0269   
   1303 1) EU0271   
   1304 1) EU0271   
   1305 1) EU0271   
   1306 1) EU0271   
   1307 1) EU0271   
   1308 1) EU0271   
   1309 1) EU0271   
   1310 1) EU0271   
   1311 1) EU0271   
   1312 1) EU0271   
   1313 1) EU0578   
   1314 1) EU0578   
   1315 1) EU0578   
   1316 1) AU0153   
   1317 1) AU0153   
   1318 1) AU0153   
   1319 1) AU0153   
   1320 1) AU0153   
   1321 1) AU0153   
   1322 1) EU5429   
   1323 1) EU5429   
   1324 1) EU5429   
   1325 1) EU5429   
   1326 1) EU5429   
   1327 1) EU5429   
   1328 1) EU5429   
   1329 1) EU5429   
   1330 1) EU5429   
   1331 1) EU5429   
   1332 1) EU5429   
   1333 1) EU5429   
   1334 1) EU5429   
   1335 1) EU5429   
   1336 1) EU5429   
   1337 1) EU5429   
   1338 1) EU5429   
   1339 1) EU5429   
   1340 1) EU5429   
   1341 1) EU5429   
   1342 1) EU5429   
   1343 1) EU5429   
   1344 1) EU5429   
   1345 1) EU5429   
   1346 1) EU5429   
   1347 1) EU5429   
   1348 1) EU5429   
   1349 1) EU5429   
   1350 1) JP9Z4749 
   1351 1) JP9Z4XX9 
   1352 1) JP9Z58W1 
   1353 1) JP9ZVXV9 
   1354 1) AFZA79   
   1355 1) AFZA79   
   1356 1) AFZA79   
   1357 1) AFZA79   
   1358 1) AFZA79   
   1359 1) AFZA79   
   1360 1) AFZA79   
   1361 1) AFZA79   
   1362 1) AFZA72   
   1363 1) AFZA72   
   1364 1) AFZA72   
   1365 1) AFZA72   
   1366 1) AFZA72   
   1367 1) AFZA75   
   1368 1) AFZA75   
   1369 1) AFZA75   
   1370 1) AFZA75   
   1371 1) AFZA75   
   1372 1) AFZA75   
   1373 1) AFZA75   
   1374 1) AFZA75   
   1375 1) EU5429   
   1376 1) EU5429   
   1377 1) EU5429   
   1378 1) EU5429   
   1379 1) EU5429   
   1380 1) EU5429   
   1381 1) EU5429   
   1382 1) EU5429   
   1383 1) AFZA72   
   1384 1) AFZA72   
   1385 1) AFZA72   
   1386 1) AFZA95   
   1387 1) AFZA95   
   1388 1) AFZA95   
   1389 1) AFZA95   
   1390 1) AFZA95   
   1391 1) AFZA95   
   1392 1) AFZA95   
   1393 1) AFZA50   
   1394 1) AFZA50   
   1395 1) AFZA72   
   1396 1) AFZA50   
   1397 1) AFZA50   
   1398 1) AFZA50   
   1399 1) AFZA50   
   1400 1) AFZA50   
   1401 1) AFZA50   
   1402 1) EU0269   
   1403 1) EU0269   
   1404 1) EU0269   
   1405 1) EU0269   
   1406 1) EU0269   
   1407 1) EU0269   
   1408 1) EU0269   
   1409 1) EU0269   
   1410 1) EU0269   
   1411 1) EU0578   
   1412 1) EU0578   
   1413 1) EU0578   
   1414 1) EU0269   
   1415 1) EU0269   
   1416 1) EU0269   
   1417 1) EU0269   
   1418 1) EU0269   
   1419 1) EU0269   
   1420 1) EU0578   
   1421 1) EU0578   
   1422 1) EU0578   
   1423 1) EU0578   
   1424 1) AU0079   
   1425 1) AU0080   
   1426 1) AU0153   
   1427 1) AU0153   
   1428 1) AU0058   
   1429 1) AU0058   
   1430 1) AU0058   
   1431 1) JP9Z5Y7Z 
   1432 1) JP9Z5Y7Z 
   1433 1) JP9ZV869 
   1434 1) JP9ZV869 
   1435 1) JP9ZV869 
   1436 1) JP9ZV869 
   1437 1) JP9ZV869 
   1438 1) JP9ZV869 
   1439 1) JP9ZV869 
   1440 1) AU0153   
   1441 1) AU0153   
   1442 1) JP9Z4556 
   1443 1) JP9Z4XX9 
   1444 1) JP9Z58W1 
   1445 1) JP9ZVWVZ 
   1446 1) JP9ZVWVZ 
   1447 1) AFZA72   
   1448 1) AFZA72   
   1449 1) AFZA72   
   1450 1) AFZA72   
   1451 1) AFZA79   
   1452 1) AFZA79   
   1453 1) AFZA79   
   1454 1) AFZA79   
   1455 1) EU0469   
   1456 1) EU0469   
   1457 1) EU0469   
   1458 1) EU0469   
   1459 1) EU0469   
   1460 1) EU0469   
   1461 1) EU0469   
   1462 1) EU0469   
   1463 1) EU0469   
   1464 1) EU0469   
   1465 1) EU0469   
   1466 1) EU0469   
   1467 1) EU0469   
   1468 1) EU0469   
   1469 1) EU0469   
   1470 1) EU0469   
   1471 1) EU0469   
   1472 1) EU0469   
   1473 1) EU0469   
   1474 1) EU0469   
   1475 1) EU0469   
   1476 1) EU0469   
   1477 1) EU0469   
   1478 1) EU0469   
   1479 1) EU0469   
   1480 1) EU0469   
   1481 1) EU0469   
   1482 1) EU0469   
   1483 1) EU0469   
   1484 1) EU0469   
   1485 1) AFZA75   
   1486 1) AFZA75   
   1487 1) AFZA75   
   1488 1) AFZA75   
   1489 1) AFZA75   
   1490 1) AFZA75   
   1491 1) AFZA75   
   1492 1) AFZA48   
   1493 1) AFZA48   
   1494 1) AFZA75   
   1495 1) AFZA79   
   1496 1) AFZA48   
   1497 1) AFZA48   
   1498 1) AFZA48   
   1499 1) AFZA79   
   1500 1) AFZA79   
   1501 1) AFZA79   
   1502 1) AFZA09   
   1503 1) AFZA09   
   1504 1) AFZA75   
   1505 1) AFZA50   
   1506 1) AFZA50   
   1507 1) AFZA50   
   1508 1) AFZA50   
   1509 1) AFZA50   
   1510 1) EU0952   
   1511 1) EU0952   
   1512 1) EU0952   
   1513 1) EU0952   
   1514 1) EU0952   
   1515 1) EU0952   
   1516 1) EU0952   
   1517 1) EU0952   
   1518 1) EU0952   
   1519 1) EU0952   
   1520 1) EU0952   
   1521 1) EU0952   
   1522 1) EU0952   
   1523 1) EU0952   
   1524 1) EU0952   
   1525 1) AFZA48   
   1526 1) AFZA48   
   1527 1) AFZA48   
   1528 1) AFZA09   
   1529 1) AFZA09   
   1530 1) AFZA09   
   1531 1) AFZA09   
   1532 1) AFZA09   
   1533 1) AFZA09   
   1534 1) AFZA46   
   1535 1) AFZA46   
   1536 1) AFZA46   
   1537 1) AFZA48   
   1538 1) AFZA48   
   1539 1) AFZA48   
   1540 1) AFZA48   
   1541 1) AFZA48   
   1542 1) AFZA48   
   1543 1) AFZA95   
   1544 1) AFZA95   
   1545 1) AFZA95   
   1546 1) AFZA95   
   1547 1) AFZA77   
   1548 1) AFZA77   
   1549 1) AFZA77   
   1550 1) AFZA77   
   1551 1) AFZA77   
   1552 1) AFZA77   
   1553 1) AFZA77   
   1554 1) AFZA46   
   1555 1) AFZA46   
   1556 1) AFZA46   
   1557 1) AFZA46   
   1558 1) AFZA48   
   1559 1) AFZA48   
   1560 1) AFZA48   
   1561 1) AFZA48   
   1562 1) AFZA48   
   1563 1) AFZA48   
   1564 1) AFZA48   
   1565 1) AFZA48   
   1566 1) AFZA48   
   1567 1) EU0952   
   1568 1) EU0952   
   1569 1) EU0952   
   1570 1) EU0952   
   1571 1) EU0952   
   1572 1) EU0952   
   1573 1) EU0952   
   1574 1) EU0952   
   1575 1) EU0952   
   1576 1) EU0952   
   1577 1) EU0952   
   1578 1) EU0952   
   1579 1) EU3514   
   1580 1) EU3514   
   1581 1) EU3514   
   1582 1) EU3514   
   1583 1) EU3514   
   1584 1) EU3514   
   1585 1) EU3514   
   1586 1) EU3514   
   1587 1) EU3514   
   1588 1) EU3514   
   1589 1) EU3514   
   1590 1) EU3514   
   1591 1) EU3514   
   1592 1) EU3514   
   1593 1) EU3514   
   1594 1) EU3514   
   1595 1) EU3514   
   1596 1) EU3514   
   1597 1) EU3514   
   1598 1) EU3514   
   1599 1) EU3514   
   1600 1) EU3514   
   1601 1) EU3514   
   1602 1) EU3514   
   1603 1) EU3514   
   1604 1) EU3514   
   1605 1) EU3514   
   1606 1) EU3514   
   1607 1) EU3514   
   1608 1) EU3514   
   1609 1) AFZA71   
   1610 1) AFZA71   
   1611 1) AFZA77   
   1612 1) AFZA95   
   1613 1) AFZA95   
   1614 1) AFZA95   
   1615 1) AFZA95   
   1616 1) AFZA71   
   1617 1) AFZA71   
   1618 1) AFZA71   
   1619 1) AFZA71   
   1620 1) AFZA71   
   1621 1) AFZA71   
   1622 1) AFZA77   
   1623 1) AFZA77   
   1624 1) AFZA77   
   1625 1) AU0050   
   1626 1) AU0050   
   1627 1) AU0050   
   1628 1) AU0050   
   1629 1) AU0050   
   1630 1) AU0050   
   1631 1) AU0050   
   1632 1) AU0050   
   1633 1) AU0050   
   1634 1) AU0050   
   1635 1) AU0050   
   1636 1) AU0050   
   1637 1) AU0050   
   1638 1) AU0050   
   1639 1) AU0078   
   1640 1) AU0078   
   1641 1) AU0078   
   1642 1) AU0078   
   1643 1) AU0079   
   1644 1) AU0079   
   1645 1) AU0079   
   1646 1) AU0079   
   1647 1) AU0080   
   1648 1) AFZA05   
   1649 1) AFZA05   
   1650 1) EU3514   
   1651 1) EU3514   
   1652 1) EU3514   
   1653 1) JP9Z4556 
   1654 1) JP9Z4749 
   1655 1) JP9Z4749 
   1656 1) JP9Z4X7X 
   1657 1) JP9ZVW5Z 
   1658 1) JP9ZVW5Z 
   1659 1) JP9ZVW5Z 
   1660 1) JP9ZVW5Z 
   1661 1) JP9ZVW5Z 
   1662 1) JP9ZVW5Z 
   1663 1) JP9ZVWVZ 
   1664 1) JP9ZVWVZ 
   1665 1) JP9ZVWVZ 
   1666 1) JP9ZVWVZ 
   1667 1) JP9ZVWVZ 
   1668 1) AU0078   
   1669 1) AU0078   
   1670 1) AU0080   
   1671 1) AU0080   
   1672 1) AU0080   
   1673 1) AU0080   
   1674 1) AFZA95   
   1675 1) AFZA95   
   1676 1) AFZA95   
   1677 1) AFZA95   
   1678 1) AFZA95   
   1679 1) AFZA95   
   1680 1) AFZA95   
   1681 1) AFZA95   
   1682 1) AFZA95   
   1683 1) AU0050   
   1684 1) AFZA05   
   1685 1) AFZA05   
   1686 1) AFZA05   
   1687 1) AFZA05   
   1688 1) AFZA78   
   1689 1) AFZA78   
   1690 1) AFZA78   
   1691 1) AFZA78   
   1692 1) AFZA94   
   1693 1) AFZA94   
   1694 1) AFZA94   
   1695 1) AFZA94   
   1696 1) AFZA78   
   1697 1) AU0080   
   1698 1) AFZA21   
   1699 1) AFZA21   
   1700 1) AFZA21   
   1701 1) AFZA21   
   1702 1) AFZA21   
   1703 1) AFZA21   
   1704 1) AFZA25   
   1705 1) AFZA25   
   1706 1) AFZA25   
   1707 1) AFZA25   
   1708 1) AFZA25   
   1709 1) AFZA25   
   1710 1) AFZA25   
   1711 1) AFZA94   
   1712 1) AFZA94   
   1713 1) AFZA94   
   1714 1) AFZA94   
   1715 1) AFZA94   
   1716 1) AFZA94   
   1717 1) AFZA94   
   1718 1) AU0078   
   1719 1) AU0078   
   1720 1) AU0078   
   1721 1) AU0078   
   1722 1) AU0079   
   1723 1) AU0080   
   1724 1) AU0080   
   1725 1) AU0080   
   1726 1) AU0080   
   1727 1) AFZA45   
   1728 1) AFZA45   
   1729 1) AFZA45   
   1730 1) AFZA45   
   1731 1) JP9Z5861 
   1732 1) JP9ZV869 
   1733 1) JP9ZVW5Z 
   1734 1) JP9ZVW5Z 
   1735 1) JP9ZVW5Z 
   1736 1) JP9ZVWVZ 
   1737 1) JP9ZVWVZ 
   1738 1) AFZA94   
   1739 1) AFZA94   
   1740 1) AFZA94   
   1741 1) AFZA78   
   1742 1) AFZA21   
   1743 1) AFZA21   
   1744 1) AFZA25   
   1745 1) AFZA78   
   1746 1) AFZA78   
   1747 1) AFZA94   
   1748 1) AFZA94   
   1749 1) AFZA94   
   1750 1) AFZA94   
   1751 1) EU0464   
   1752 1) EU0464   
   1753 1) EU0464   
   1754 1) EU0464   
   1755 1) EU0464   
   1756 1) EU0464   
   1757 1) EU0464   
   1758 1) EU0464   
   1759 1) EU3610   
   1760 1) EU3610   
   1761 1) EU3610   
   1762 1) EU3610   
   1763 1) EU3610   
   1764 1) EU3610   
   1765 1) EU3610   
   1766 1) EU0464   
   1767 1) EU0464   
   1768 1) EU0464   
   1769 1) EU0464   
   1770 1) EU3610   
   1771 1) EU3610   
   1772 1) EU3610   
   1773 1) EU3610   
   1774 1) EU3610   
   1775 1) EU3610   
   1776 1) EU3610   
   1777 1) EU3610   
   1778 1) EU3610   
   1779 1) EU3610   
   1780 1) EU3610   
   1781 1) EU0464   
   1782 1) EU0464   
   1783 1) EU0464   
   1784 1) EU0464   
   1785 1) EU0464   
   1786 1) EU0464   
   1787 1) EU3610   
   1788 1) EU3610   
   1789 1) EU3610   
   1790 1) EU3610   
   1791 1) EU3610   
   1792 1) EU3610   
   1793 1) EU3610   
   1794 1) EU3610   
   1795 1) EU3610   
   1796 1) EU0464   
   1797 1) EU0464   
   1798 1) EU0464   
   1799 1) EU0464   
   1800 1) EU0464   
   1801 1) EU0464   
   1802 1) EU0464   
   1803 1) EU3610   
   1804 1) EU3610   
   1805 1) EU3610   
   1806 1) EU3610   
   1807 1) EU3610   
   1808 1) EU3610   
   1809 1) EU3610   
   1810 1) EU3610   
   1811 1) AFZA45   
   1812 1) AFZA45   
   1813 1) AFZA45   
   1814 1) AFZA45   
   1815 1) AFZA45   
   1816 1) AFZA45   
   1817 1) AFZA45   
   1818 1) AFZA45   
   1819 1) AFZA64   
   1820 1) AFZA64   
   1821 1) AFZA64   
   1822 1) AFZA64   
   1823 1) AFZA64   
   1824 1) AFZA64   
   1825 1) AFZA94   
   1826 1) AFZA78   
   1827 1) AFZA44   
   1828 1) AFZA44   
   1829 1) AFZA44   
   1830 1) AFZA44   
   1831 1) AFZA44   
   1832 1) AFZA44   
   1833 1) AFZA44   
   1834 1) AFZA44   
   1835 1) AFZA45   
   1836 1) AFZA45   
   1837 1) AFZA45   
   1838 1) AFZA45   
   1839 1) AFZA64   
   1840 1) AFZA64   
   1841 1) AFZA78   
   1842 1) AFZA78   
   1843 1) AFZA78   
   1844 1) AFZA78   
   1845 1) AFZA22   
   1846 1) AFZA22   
   1847 1) AFZA22   
   1848 1) AFZA22   
   1849 1) AFZA22   
   1850 1) AFZA22   
   1851 1) AFZA22   
   1852 1) EU0464   
   1853 1) EU0464   
   1854 1) EU0464   
   1855 1) EU0954   
   1856 1) EU0954   
   1857 1) EU0954   
   1858 1) EU0954   
   1859 1) EU0954   
   1860 1) EU0954   
   1861 1) EU0954   
   1862 1) EU0954   
   1863 1) EU0954   
   1864 1) EU0954   
   1865 1) EU0954   
   1866 1) EU0954   
   1867 1) EU0954   
   1868 1) EU0954   
   1869 1) EU0954   
   1870 1) EU0954   
   1871 1) EU0954   
   1872 1) EU0954   
   1873 1) EU0954   
   1874 1) EU0954   
   1875 1) EU0954   
   1876 1) EU0954   
   1877 1) EU0954   
   1878 1) EU0954   
   1879 1) EU0954   
   1880 1) EU0954   
   1881 1) EU0954   
   1882 1) EU0954   
   1883 1) EU0954   
   1884 1) EU0954   
   1885 1) AU0059   
   1886 1) AU0059   
   1887 1) AU0059   
   1888 1) AU0059   
   1889 1) AU0059   
   1890 1) AFZA09   
   1891 1) AFZA09   
   1892 1) AFZA09   
   1893 1) AFZA76   
   1894 1) AFZA76   
   1895 1) AFZA76   
   1896 1) AFZA76   
   1897 1) AFZA76   
   1898 1) AFZA76   
   1899 1) AFZA76   
   1900 1) AFZA76   
   1901 1) EU0954   
   1902 1) EU0954   
   1903 1) EU0954   
   1904 1) EU0954   
   1905 1) EU0954   
   1906 1) AFZA79   
   1907 1) AFZA79   
   1908 1) AFZA65   
   1909 1) AFZA65   
   1910 1) AFZA76   
   1911 1) AFZA76   
   1912 1) AFZA76   
   1913 1) EU0954   
   1914 1) EU0954   
   1915 1) EU0954   
   1916 1) AFZA22   
   1917 1) AFZA22   
   1918 1) AFZA22   
   1919 1) AFZA22   
   1920 1) AFZA22   
   1921 1) AFZA22   
   1922 1) AFZA22   
   1923 1) AFZA22   
   1924 1) EU0956   
   1925 1) EU0956   
   1926 1) EU0956   
   1927 1) EU0956   
   1928 1) EU0956   
   1929 1) EU0956   
   1930 1) EU0956   
   1931 1) EU0956   
   1932 1) EU0956   
   1933 1) EU0956   
   1934 1) EU0956   
   1935 1) EU0956   
   1936 1) AFZA65   
   1937 1) AFZA65   
   1938 1) AFZA65   
   1939 1) AFZA65   
   1940 1) AFZA65   
   1941 1) AFZA76   
   1942 1) AFZA76   
   1943 1) AFZA76   
   1944 1) AFZA76   
   1945 1) AFZA76   
   1946 1) AFZA79   
   1947 1) AFZA79   
   1948 1) EU0464   
   1949 1) EU0464   
   1950 1) AFZA26   
   1951 1) AFZA26   
   1952 1) JP9Z4X7X 
   1953 1) JP9ZVW5Z 
   1954 1) JP9ZVWVZ 
   1955 1) EU0956   
   1956 1) EU0956   
   1957 1) EU0956   
   1958 1) EU0956   
   1959 1) EU0956   
   1960 1) EU0956   
   1961 1) EU0956   
   1962 1) AFZA09   
   1963 1) AFZA09   
   1964 1) AFZA09   
   1965 1) AFZA09   
   1966 1) AFZA79   
   1967 1) AFZA79   
   1968 1) AFZA79   
   1969 1) AFZA65   
   1970 1) AFZA71   
   1971 1) AFZA71   
   1972 1) AFZA71   
   1973 1) AFZA71   
   1974 1) AFZA71   
   1975 1) AFZA71   
   1976 1) AFZA71   
   1977 1) AFZA71   
   1978 1) AFZA26   
   1979 1) AFZA26   
   1980 1) AFZA26   
   1981 1) EU0956   
   1982 1) EU0956   
   1983 1) EU0956   
   1984 1) EU0956   
   1985 1) EU0956   
   1986 1) EU0956   
   1987 1) EU0956   
   1988 1) EU0956   
   1989 1) EU0956   
   1990 1) AFZA46   
   1991 1) AFZA46   
   1992 1) AFZA46   
   1993 1) AFZA46   
   1994 1) AFZA46   
   1995 1) AFZA46   
   1996 1) AFZA46   
   1997 1) AFZA46   
   1998 1) AFZA46   
   1999 1) AFZA46   
   2000 1) AFZA26   
   2001 1) AFZA26   
   2002 1) AFZA26   
   2003 1) AFZA73   
   2004 1) AFZA73   
   2005 1) AFZA73   
   2006 1) AFZA73   
   2007 1) AFZA73   
   2008 1) AFZA94   
   2009 1) AFZA94   
   2010 1) AFZA94   
   2011 1) AFZA46   
   2012 1) AFZA46   
   2013 1) AFZA46   
   2014 1) AFZA46   
   2015 1) AFZA46   
   2016 1) AFZA08   
   2017 1) AFZA08   
   2018 1) AFZA08   
   2019 1) AFZA08   
   2020 1) AFZA08   
   2021 1) AFZA08   
   2022 1) AFZA46   
   2023 1) AFZA73   
   2024 1) AFZA79   
   2025 1) AFZA79   
   2026 1) AFZA79   
   2027 1) AFZA79   
   2028 1) AFZA79   
   2029 1) AFZA79   
   2030 1) AFZA79   
   2031 1) EU0271   
   2032 1) EU0271   
   2033 1) EU0271   
   2034 1) EU0271   
   2035 1) AFZA08   
   2036 1) AFZA22   
   2037 1) AFZA22   
   2038 1) AFZA22   
   2039 1) AFZA22   
   2040 1) AFZA22   
   2041 1) AFZA22   
   2042 1) AFZA22   
   2043 1) AFZA22   
   2044 1) EU0271   
   2045 1) EU0271   
   2046 1) EU0271   
   2047 1) EU0271   
   2048 1) EU0271   
   2049 1) EU0271   
   2050 1) EU0271   
   2051 1) EU0271   
   2052 1) EU0271   
   2053 1) EU0271   
   2054 1) EU0271   
   2055 1) EU0271   
   2056 1) EU0271   
   2057 1) EU0271   
   2058 1) EU0271   
   2059 1) AFZA73   
   2060 1) AFZA73   
   2061 1) AFZA94   
   2062 1) AFZA94   
   2063 1) AFZA94   
   2064 1) AFZA94   
   2065 1) AFZA94   
   2066 1) AFZA44   
   2067 1) AFZA44   
   2068 1) AFZA44   
   2069 1) AFZA44   
   2070 1) AFZA44   
   2071 1) AFZA44   
   2072 1) AFZA44   
   2073 1) AFZA44   
   2074 1) EU0271   
   2075 1) EU0271   
   2076 1) AFZA73   
   2077 1) AFZA73   
   2078 1) AFZA73   
   2079 1) AFZA73   
   2080 1) AFZA73   
   2081 1) AFZA73   
   2082 1) AFZA73   
   2083 1) EU0464   
   2084 1) EU0464   
   2085 1) EU0464   
   2086 1) EU0464   
   2087 1) EU0464   
   2088 1) EU0464   
   2089 1) EU0464   
   2090 1) EU0956   
   2091 1) EU0956   
   2092 1) EU0956   
   2093 1) EU0956   
   2094 1) EU0956   
   2095 1) EU0956   
   2096 1) EU0956   
   2097 1) EU0956   
   2098 1) EU0464   
   2099 1) EU0464   
   2100 1) EU0464   
   2101 1) EU0464   
   2102 1) EU0956   
   2103 1) EU0956   
   2104 1) EU0956   
   2105 1) EU0956   
   2106 1) EU0956   
   2107 1) EU0956   
   2108 1) EU0956   
   2109 1) EU0956   
   2110 1) EU0956   
   2111 1) EU0956   
   2112 1) EU0956   
   2113 1) EU0464   
   2114 1) EU0464   
   2115 1) EU0464   
   2116 1) EU0464   
   2117 1) EU0464   
   2118 1) EU0464   
   2119 1) EU0464   
   2120 1) EU0956   
   2121 1) EU0956   
   2122 1) EU0956   
   2123 1) EU0956   
   2124 1) EU0956   
   2125 1) EU0956   
   2126 1) EU0956   
   2127 1) EU0464   
   2128 1) EU0271   
   2129 1) EU0271   
   2130 1) EU0271   
   2131 1) EU0271   
   2132 1) EU0271   
   2133 1) EU0271   
   2134 1) EU0271   
   2135 1) EU0271   
   2136 1) EU0271   
   2137 1) EU0464   
   2138 1) EU0464   
   2139 1) EU0464   
   2140 1) EU0956   
   2141 1) EU0956   
   2142 1) EU0956   
   2143 1) AFZA73   
   2144 1) AFZA01   
   2145 1) AFZA01   
   2146 1) AFZA01   
   2147 1) AFZA64   
   2148 1) AFZA64   
   2149 1) AFZA64   
   2150 1) AFZA64   
   2151 1) AFZA60   
   2152 1) AFZA60   
   2153 1) AFZA60   
   2154 1) AFZA60   
   2155 1) AFZA60   
   2156 1) AFZA60   
   2157 1) AFZA60   
   2158 1) AFZA60   
   2159 1) AU0059   
   2160 1) AU0059   
   2161 1) AU0059   
   2162 1) AU0059   
   2163 1) AU0059   
   2164 1) AU0079   
   2165 1) AU0079   
   2166 1) AU0079   
   2167 1) AU0080   
   2168 1) AU0080   
   2169 1) AU0080   
   2170 1) AU0080   
   2171 1) AU0080   
   2172 1) AFZA01   
   2173 1) AFZA01   
   2174 1) AFZA01   
   2175 1) AFZA44   
   2176 1) AFZA44   
   2177 1) AFZA44   
   2178 1) AFZA44   
   2179 1) AFZA44   
   2180 1) AFZA44   
   2181 1) AFZA44   
   2182 1) AFZA46   
   2183 1) AU0050   
   2184 1) AU0050   
   2185 1) AFZA01   
   2186 1) AFZA01   
   2187 1) AFZA01   
   2188 1) AFZA01   
   2189 1) AFZA01   
   2190 1) AFZA01   
   2191 1) AFZA01   
   2192 1) AFZA01   
   2193 1) AFZA01   
   2194 1) AFZA01   
   2195 1) AFZA64   
   2196 1) AFZA64   
   2197 1) AFZA64   
   2198 1) AFZA64   
   2199 1) AU0050   
   2200 1) AU0059   
   2201 1) AFZA44   
   2202 1) JP9Z4X7X 
   2203 1) JP9Z4X7X 
   2204 1) JP9Z4X7X 
   2205 1) JP9ZV6X9 
   2206 1) JP9ZV6X9 
   2207 1) JP9ZV6X9 
   2208 1) JP9ZV6X9 
   2209 1) JP9ZV869 
   2210 1) AU0058   
   2211 1) JP9Z4X7X 
   2212 1) JP9Z4X7X 
   2213 1) JP9ZV6X9 
   2214 1) JP9ZV6X9 
   2215 1) JP9ZV869 
   2216 1) AFZA46   
   2217 1) AFZA46   
   2218 1) AFZA46   
   2219 1) AFZA46   
   2220 1) AFZA46   
   2221 1) AFZA46   
   2222 1) AFZA46   
   2223 1) AU0050   
   2224 1) AFZA44   
   2225 1) AFZA44   
   2226 1) AFZA44   
   2227 1) AFZA45   
   2228 1) AFZA45   
   2229 1) AFZA45   
   2230 1) AFZA45   
   2231 1) NZL022   
   2232 1) NZL022   
   2233 1) NZL022   
   2234 1) NZL022   
   2235 1) NZL022   
   2236 1) NZL022   
   2237 1) NZL022   
   2238 1) NZL050   
   2239 1) NZL050   
   2240 1) NZL051   
   2241 1) NZL051   
   2242 1) NZL051   
   2243 1) NZL051   
   2244 1) AU0059   
   2245 1) AU0078   
   2246 1) AU0078   
   2247 1) AU0079   
   2248 1) AU0079   
   2249 1) AU0080   
   2250 1) AU0080   
   2251 1) AU0080   
   2252 1) NZL022   
   2253 1) NZL022   
   2254 1) NZL022   
   2255 1) NZL050   
   2256 1) NZL050   
   2257 1) NZL050   
   2258 1) NZL022   
   2259 1) NZL022   
   2260 1) NZL022   
   2261 1) NZL022   
   2262 1) NZL050   
   2263 1) NZL050   
   2264 1) NZL050   
   2265 1) NZL050   
   2266 1) NZL050   
   2267 1) NZL050   
   2268 1) NZL050   
   2269 1) NZL051   
   2270 1) NZL051   
   2271 1) NZL051   
   2272 1) NZL051   
   2273 1) NZL022   
   2274 1) NZL022   
   2275 1) NZL022   
   2276 1) NZL022   
   2277 1) NZL022   
   2278 1) NZL050   
   2279 1) NZL050   
   2280 1) NZL051   
   2281 1) NZL050   
   2282 1) AU0076   
   2283 1) AU0076   
   2284 1) AU0059   
   2285 1) AU0078   
   2286 1) AU0078   
   2287 1) AU0078   
   2288 1) AU0079   
   2289 1) AU0079   
   2290 1) AU0079   
   2291 1) AU0079   
   2292 1) AU0080   
   2293 1) AU0080   
   2294 1) AU0050   
   2295 1) AU0050   
   2296 1) AU0050   
   2297 1) AU0050   
   2298 1) AU0050   
   2299 1) AU0050   
   2300 1) AFZA60   
   2301 1) AFZA60   
   2302 1) AFZA60   
   2303 1) AFZA60   
   2304 1) AFZA60   
   2305 1) AFZA60   
   2306 1) AFZA60   
   2307 1) EU3514   
   2308 1) EU3514   
   2309 1) EU3514   
   2310 1) EU3514   
   2311 1) EU3514   
   2312 1) EU3514   
   2313 1) EU3514   
   2314 1) EU3514   
   2315 1) EU0464   
   2316 1) EU0464   
   2317 1) EU0464   
   2318 1) EU0464   
   2319 1) EU0464   
   2320 1) EU0464   
   2321 1) EU0464   
   2322 1) EU0464   
   2323 1) EU0956   
   2324 1) AFZA25   
   2325 1) AFZA25   
   2326 1) AFZA25   
   2327 1) AFZA25   
   2328 1) AFZA25   
   2329 1) AFZA25   
   2330 1) AFZA25   
   2331 1) AFZA25   
   2332 1) AFZA02   
   2333 1) AFZA02   
   2334 1) AFZA02   
   2335 1) AFZA02   
   2336 1) AFZA02   
   2337 1) AFZA02   
   2338 1) AFZA02   
   2339 1) AFZA02   
   2340 1) EU3514   
   2341 1) EU3514   
   2342 1) EU3514   
   2343 1) EU3514   
   2344 1) EU3514   
   2345 1) EU3514   
   2346 1) EU3514   
   2347 1) AFZA45   
   2348 1) AFZA76   
   2349 1) AFZA76   
   2350 1) AFZA77   
   2351 1) AFZA77   
   2352 1) AFZA77   
   2353 1) AFZA77   
   2354 1) AFZA77   
   2355 1) AFZA77   
   2356 1) AFZA77   
   2357 1) AFZA77   
   2358 1) AFZA60   
   2359 1) AFZA60   
   2360 1) AFZA76   
   2361 1) AFZA76   
   2362 1) AFZA76   
   2363 1) AFZA44   
   2364 1) AFZA44   
   2365 1) AFZA44   
   2366 1) AFZA44   
   2367 1) AFZA45   
   2368 1) AFZA45   
   2369 1) AFZA45   
   2370 1) AFZA76   
   2371 1) AFZA76   
   2372 1) AFZA76   
   2373 1) EU3514   
   2374 1) EU3514   
   2375 1) EU3514   
   2376 1) EU3514   
   2377 1) EU3514   
   2378 1) EU3514   
   2379 1) EU3514   
   2380 1) AFZA09   
   2381 1) AFZA09   
   2382 1) AFZA09   
   2383 1) AFZA45   
   2384 1) AFZA45   
   2385 1) AFZA45   
   2386 1) AFZA45   
   2387 1) AFZA45   
   2388 1) AFZA45   
   2389 1) AFZA45   
   2390 1) AFZA45   
   2391 1) AFZA71   
   2392 1) AFZA71   
   2393 1) AFZA71   
   2394 1) AFZA71   
   2395 1) EU0248   
   2396 1) EU0248   
   2397 1) EU0248   
   2398 1) EU0248   
   2399 1) EU2450   
   2400 1) EU2450   
   2401 1) EU2450   
   2402 1) EU2450   
   2403 1) EU2450   
   2404 1) EU2450   
   2405 1) EU2450   
   2406 1) EU2450   
   2407 1) EU2450   
   2408 1) EU2450   
   2409 1) EU2450   
   2410 1) EU0248   
   2411 1) EU0248   
   2412 1) EU0248   
   2413 1) EU0248   
   2414 1) EU0248   
   2415 1) EU0248   
   2416 1) EU0248   
   2417 1) EU0248   
   2418 1) EU0248   
   2419 1) EU0248   
   2420 1) EU0248   
   2421 1) EU0248   
   2422 1) EU0248   
   2423 1) EU0248   
   2424 1) EU0248   
   2425 1) EU2450   
   2426 1) EU2450   
   2427 1) EU2450   
   2428 1) EU2450   
   2429 1) EU2450   
   2430 1) EU2450   
   2431 1) EU2450   
   2432 1) EU2450   
   2433 1) EU2450   
   2434 1) AFZA03   
   2435 1) AFZA03   
   2436 1) AFZA03   
   2437 1) AFZA03   
   2438 1) AFZA03   
   2439 1) AFZA03   
   2440 1) AFZA03   
   2441 1) AFZA03   
   2442 1) EU2450   
   2443 1) EU2450   
   2444 1) EU2450   
   2445 1) EU2450   
   2446 1) EU0248   
   2447 1) EU0248   
   2448 1) EU0248   
   2449 1) EU2450   
   2450 1) EU2450   
   2451 1) EU2450   
   2452 1) EU2450   
   2453 1) EU2450   
   2454 1) EU2450   
   2455 1) AFZA03   
   2456 1) AFZA03   
   2457 1) AFZA03   
   2458 1) AFZA03   
   2459 1) EU0954   
   2460 1) EU0954   
   2461 1) EU0954   
   2462 1) EU0954   
   2463 1) AFZA09   
   2464 1) AFZA09   
   2465 1) AFZA09   
   2466 1) AFZA09   
   2467 1) AFZA09   
   2468 1) AFZA71   
   2469 1) AFZA71   
   2470 1) AFZA71   
   2471 1) EU0248   
   2472 1) EU0248   
   2473 1) EU0248   
   2474 1) EU0248   
   2475 1) EU0248   
   2476 1) EU0248   
   2477 1) EU0248   
   2478 1) EU0248   
   2479 1) EU2450   
   2480 1) AFZA05   
   2481 1) AFZA03   
   2482 1) AFZA03   
   2483 1) AFZA03   
   2484 1) AFZA03   
   2485 1) AFZA05   
   2486 1) AFZA05   
   2487 1) AFZA05   
   2488 1) EU0954   
   2489 1) EU0954   
   2490 1) EU0954   
   2491 1) EU0954   
   2492 1) EU0954   
   2493 1) EU0954   
   2494 1) EU0954   
   2495 1) EU0954   
   2496 1) EU0954   
   2497 1) EU0954   
   2498 1) EU0954   
   2499 1) EU0954   
   2500 1) EU0954   
   2501 1) EU0954   
   2502 1) EU0954   
   2503 1) EU0954   
   2504 1) EU0954   
   2505 1) EU0954   
   2506 1) EU0954   
   2507 1) EU0954   
   2508 1) EU0954   
   2509 1) EU0954   
   2510 1) EU0954   
   2511 1) AU0058   
   2512 1) AU0058   
   2513 1) AU0058   
   2514 1) AU0059   
   2515 1) AU0059   
   2516 1) AU0076   
   2517 1) AU0079   
   2518 1) AU0058   
   2519 1) AU0076   
   2520 1) AU0076   
   2521 1) JP9Z4X7X 
   2522 1) JP9Z4XX9 
   2523 1) JP9ZV6X9 
   2524 1) JP9ZV6X9 
   2525 1) JP9ZV6X9 
   2526 1) JP9ZV859 
   2527 1) JP9ZV859 
   2528 1) AFZA77   
   2529 1) AFZA77   
   2530 1) AFZA77   
   2531 1) AFZA77   
   2532 1) AFZA77   
   2533 1) AFZA77   
   2534 1) EU0248   
   2535 1) EU3514   
   2536 1) EU3514   
   2537 1) EU3514   
   2538 1) EU3514   
   2539 1) EU3514   
   2540 1) EU3514   
   2541 1) EU3514   
   2542 1) EU3514   
   2543 1) EU3514   
   2544 1) EU3514   
   2545 1) EU3514   
   2546 1) EU3514   
   2547 1) EU3514   
   2548 1) EU3514   
   2549 1) AFZA65   
   2550 1) AFZA65   
   2551 1) AFZA65   
   2552 1) AFZA65   
   2553 1) AFZA05   
   2554 1) AFZA05   
   2555 1) AFZA05   
   2556 1) AFZA05   
   2557 1) AFZA07   
   2558 1) AFZA07   
   2559 1) AFZA65   
   2560 1) AFZA65   
   2561 1) AFZA65   
   2562 1) AFZA65   
   2563 1) AFZA77   
   2564 1) AFZA77   
   2565 1) NZL022   
   2566 1) NZL022   
   2567 1) NZL022   
   2568 1) NZL050   
   2569 1) NZL050   
   2570 1) NZL051   
   2571 1) NZL051   
   2572 1) NZL051   
   2573 1) NZL051   
   2574 1) NZL051   
   2575 1) NZL051   
   2576 1) EU0999   
   2577 1) EU0999   
   2578 1) EU0999   
   2579 1) EU0999   
   2580 1) EU0999   
   2581 1) EU0999   
   2582 1) EU0999   
   2583 1) EU0999   
   2584 1) EU0999   
   2585 1) EU0999   
   2586 1) EU0999   
   2587 1) EU0999   
   2588 1) EU0999   
   2589 1) EU0999   
   2590 1) EU0999   
   2591 1) EU0999   
   2592 1) EU0999   
   2593 1) EU0999   
   2594 1) EU0999   
   2595 1) EU0999   
   2596 1) EU0999   
   2597 1) EU0999   
   2598 1) EU0999   
   2599 1) EU0999   
   2600 1) EU0999   
   2601 1) EU0999   
   2602 1) EU0954   
   2603 1) EU0954   
   2604 1) EU0954   
   2605 1) EU0954   
   2606 1) EU0954   
   2607 1) EU0954   
   2608 1) EU0954   
   2609 1) EU0954   
   2610 1) EU0954   
   2611 1) EU0954   
   2612 1) EU0954   
   2613 1) EU0999   
   2614 1) EU0999   
   2615 1) EU0999   
   2616 1) EU0999   
   2617 1) EU0999   
   2618 1) EU0999   
   2619 1) EU0999   
   2620 1) EU0999   
   2621 1) AFZA02   
   2622 1) AFZA02   
   2623 1) AFZA02   
   2624 1) AFZA02   
   2625 1) AFZA02   
   2626 1) AFZA02   
   2627 1) EU0999   
   2628 1) EU0999   
   2629 1) EU0999   
   2630 1) EU0999   
   2631 1) EU0999   
   2632 1) AFZA07   
   2633 1) AFZA07   
   2634 1) AFZA07   
   2635 1) AFZA07   
   2636 1) AFZA07   
   2637 1) AFZA07   
   2638 1) AFZA71   
   2639 1) AFZA71   
   2640 1) AFZA47   
   2641 1) AFZA47   
   2642 1) AFZA47   
   2643 1) AFZA47   
   2644 1) AFZA47   
   2645 1) AFZA47   
   2646 1) AFZA47   
   2647 1) AFZA47   
   2648 1) AFZA02   
   2649 1) AFZA02   
   2650 1) AFZA22   
   2651 1) AFZA22   
   2652 1) AFZA22   
   2653 1) AFZA22   
   2654 1) AFZA22   
   2655 1) AFZA22   
   2656 1) EU0945   
   2657 1) EU0945   
   2658 1) EU0945   
   2659 1) EU0945   
   2660 1) EU0945   
   2661 1) EU0945   
   2662 1) EU0945   
   2663 1) EU0945   
   2664 1) EU0945   
   2665 1) EU0945   
   2666 1) EU0945   
   2667 1) EU0945   
   2668 1) EU0945   
   2669 1) EU0945   
   2670 1) EU0945   
   2671 1) EU0945   
   2672 1) EU0945   
   2673 1) EU0945   
   2674 1) EU0945   
   2675 1) EU0945   
   2676 1) EU0945   
   2677 1) EU0945   
   2678 1) EU0945   
   2679 1) EU0945   
   2680 1) EU0945   
   2681 1) EU0945   
   2682 1) EU0232   
   2683 1) EU0232   
   2684 1) EU0232   
   2685 1) EU0232   
   2686 1) EU0232   
   2687 1) EU0232   
   2688 1) EU0232   
   2689 1) EU0945   
   2690 1) EU0945   
   2691 1) EU0945   
   2692 1) EU0945   
   2693 1) EU0945   
   2694 1) EU0945   
   2695 1) EU0945   
   2696 1) EU0945   
   2697 1) EU0232   
   2698 1) EU0232   
   2699 1) EU0232   
   2700 1) EU0232   
   2701 1) EU0232   
   2702 1) EU0232   
   2703 1) EU0232   
   2704 1) EU0232   
   2705 1) EU0232   
   2706 1) EU0232   
   2707 1) EU0232   
   2708 1) EU0232   
   2709 1) EU0232   
   2710 1) EU0232   
   2711 1) EU0232   
   2712 1) EU0983   
   2713 1) EU0983   
   2714 1) EU0983   
   2715 1) EU0983   
   2716 1) EU0983   
   2717 1) EU0983   
   2718 1) EU0983   
   2719 1) EU0983   
   2720 1) EU0983   
   2721 1) EU0983   
   2722 1) EU0983   
   2723 1) AFZA64   
   2724 1) AFZA64   
   2725 1) AFZA64   
   2726 1) AFZA64   
   2727 1) AFZA64   
   2728 1) AFZA64   
   2729 1) AFZA64   
   2730 1) AFZA64   
   2731 1) AFZA46   
   2732 1) AFZA47   
   2733 1) AFZA47   
   2734 1) AFZA47   
   2735 1) AFZA47   
   2736 1) AFZA47   
   2737 1) AFZA47   
   2738 1) AFZA47   
   2739 1) EU0983   
   2740 1) EU0983   
   2741 1) EU0983   
   2742 1) EU0983   
   2743 1) EU0983   
   2744 1) EU0983   
   2745 1) EU0983   
   2746 1) EU0983   
   2747 1) EU0983   
   2748 1) EU0983   
   2749 1) EU0983   
   2750 1) EU0983   
   2751 1) EU0983   
   2752 1) EU0983   
   2753 1) EU0983   
   2754 1) EU5429   
   2755 1) EU5429   
   2756 1) EU5429   
   2757 1) EU5429   
   2758 1) EU5429   
   2759 1) EU5429   
   2760 1) EU5429   
   2761 1) EU5429   
   2762 1) EU5429   
   2763 1) EU5429   
   2764 1) EU5429   
   2765 1) EU0983   
   2766 1) EU0983   
   2767 1) EU0983   
   2768 1) EU0983   
   2769 1) AFZA46   
   2770 1) AFZA46   
   2771 1) AFZA46   
   2772 1) AFZA46   
   2773 1) AFZA47   
   2774 1) AFZA47   
   2775 1) AFZA47   
   2776 1) AFZA47   
   2777 1) AFZA47   
   2778 1) AFZA47   
   2779 1) AFZA47   
   2780 1) AFZA47   
   2781 1) AFZA47   
   2782 1) AFZA76   
   2783 1) AFZA76   
   2784 1) AFZA76   
   2785 1) AFZA76   
   2786 1) AFZA76   
   2787 1) AFZA76   
   2788 1) AFZA76   
   2789 1) AFZA76   
   2790 1) EU5429   
   2791 1) EU5429   
   2792 1) EU5429   
   2793 1) EU5429   
   2794 1) EU5429   
   2795 1) EU5429   
   2796 1) EU5429   
   2797 1) EU5429   
   2798 1) EU5429   
   2799 1) EU5429   
   2800 1) EU5429   
   2801 1) EU5429   
   2802 1) EU5429   
   2803 1) EU5429   
   2804 1) EU5429   
   2805 1) EU5429   
   2806 1) EU5429   
   2807 1) EU5429   
   2808 1) EU5429   
   2809 1) AU0059   
   2810 1) AU0079   
   2811 1) AU0079   
   2812 1) AU0080   
   2813 1) AU0080   
   2814 1) AU0186   
   2815 1) AU0186   
   2816 1) AU0186   
   2817 1) AU0186   
   2818 1) AU0186   
   2819 1) AU0186   
   2820 1) AU0186   
   2821 1) AU0186   
   2822 1) AU0079   
   2823 1) AU0079   
   2824 1) AFZA03   
   2825 1) AFZA03   
   2826 1) AFZA03   
   2827 1) AFZA03   
   2828 1) AFZA03   
   2829 1) AFZA03   
   2830 1) AFZA03   
   2831 1) EU0232   
   2832 1) EU0232   
   2833 1) EU0232   
   2834 1) EU0232   
   2835 1) EU0232   
   2836 1) EU0232   
   2837 1) EU0232   
   2838 1) EU0232   
   2839 1) AU0078   
   2840 1) AU0078   
   2841 1) AU0078   
   2842 1) AU0078   
   2843 1) AU0078   
   2844 1) AU0078   
   2845 1) AU0078   
   2846 1) AU0078   
   2847 1) AU0078   
   2848 1) AU0078   
   2849 1) AU0078   
   2850 1) AU0078   
   2851 1) AU0078   
   2852 1) AU0078   
   2853 1) AU0078   
   2854 1) AU0078   
   2855 1) AU0078   
   2856 1) AU0078   
   2857 1) AU0078   
   2858 1) AU0078   
   2859 1) AU0078   
   2860 1) AU0078   
   2861 1) AU0078   
   2862 1) AU0079   
   2863 1) AU0079   
   2864 1) AU0079   
   2865 1) AU0059   
   2866 1) AU0059   
   2867 1) AU0059   
   2868 1) AU0059   
   2869 1) AU0080   
   2870 1) AU0080   
   2871 1) AU0080   
   2872 1) AU0186   
   2873 1) AU0186   
   2874 1) AU0186   
   2875 1) AU0186   
   2876 1) AU0186   
   2877 1) AU0186   
   2878 1) AU0186   
   2879 1) AU0079   
   2880 1) AU0186   
   2881 1) JP9Z5YV9 
   2882 1) JP9ZV859 
   2883 1) JP9ZVY7Z 
   2884 1) JP9ZVY7Z 
   2885 1) EU0262   
   2886 1) EU0262   
   2887 1) EU0262   
   2888 1) EU0262   
   2889 1) EU0262   
   2890 1) EU0262   
   2891 1) EU0262   
   2892 1) EU0262   
   2893 1) EU0262   
   2894 1) EU0262   
   2895 1) EU0262   
   2896 1) EU0262   
   2897 1) EU0262   
   2898 1) EU0262   
   2899 1) EU0262   
   2900 1) EU0262   
   2901 1) EU0262   
   2902 1) EU0262   
   2903 1) EU0262   
   2904 1) EU0262   
   2905 1) EU0262   
   2906 1) EU0262   
   2907 1) EU0262   
   2908 1) EU0262   
   2909 1) EU0262   
   2910 1) EU0262   
   2911 1) EU0262   
   2912 1) EU0262   
   2913 1) EU0262   
   2914 1) AFZA03   
   2915 1) AFZA22   
   2916 1) AFZA22   
   2917 1) NZL023   
   2918 1) NZL023   
   2919 1) NZL023   
   2920 1) NZL049   
   2921 1) NZL049   
   2922 1) NZL049   
   2923 1) NZL050   
   2924 1) NZL054   
   2925 1) NZL027   
   2926 1) NZL049   
   2927 1) NZL050   
   2928 1) NZL052   
   2929 1) NZL052   
   2930 1) NZL022   
   2931 1) NZL027   
   2932 1) NZL027   
   2933 1) NZL049   
   2934 1) NZL051   
   2935 1) NZL053   
   2936 1) NZL053   
   2937 1) NZL054   
   2938 1) NZL054   
   2939 1) NZL049   
   2940 1) NZL051   
   2941 1) NZL052   
   2942 1) JP9Z4X57 
   2943 1) JP9Z57VZ 
   2944 1) JP9ZV859 
   2945 1) NZL023   
   2946 1) NZL023   
   2947 1) NZL027   
   2948 1) NZL027   
   2949 1) NZL049   
   2950 1) NZL049   
   2951 1) NZL051   
   2952 1) NZL051   
   2953 1) NZL051   
   2954 1) NZL053   
   2955 1) NZL053   
   2956 1) NZL053   
   2957 1) NZL053   
   2958 1) NZL054   
   2959 1) NZL023   
   2960 1) NZL023   
   2961 1) NZL023   
   2962 1) NZL023   
   2963 1) NZL027   
   2964 1) NZL049   
   2965 1) NZL050   
   2966 1) NZL050   
   2967 1) NZL051   
   2968 1) NZL052   
   2969 1) NZL052   
   2970 1) NZL054   
   2971 1) NZL022   
   2972 1) NZL022   
   2973 1) NZL022   
   2974 1) NZL022   
   2975 1) NZL023   
   2976 1) NZL049   
   2977 1) NZL049   
   2978 1) NZL050   
   2979 1) NZL051   
   2980 1) NZL051   
   2981 1) NZL051   
   2982 1) NZL052   
   2983 1) NZL052   
   2984 1) NZL053   
   2985 1) NZL054   
   2986 1) NZL023   
   2987 1) NZL023   
   2988 1) NZL049   
   2989 1) NZL050   
   2990 1) NZL051   
   2991 1) NZL051   
   2992 1) NZL051   
   2993 1) NZL051   
   2994 1) NZL053   
   2995 1) NZL054   
   2996 1) NZL054   
   2997 1) NZL054   
   2998 1) NZL054   
   2999 1) NZL054   
   3000 1) NZL050   
   3001 1) NZL054   
   3002 1) NZL023   
   3003 1) NZL023   
   3004 1) NZL023   
   3005 1) NZL023   
   3006 1) NZL023   
   3007 1) NZL027   
   3008 1) NZL049   
   3009 1) NZL049   
   3010 1) NZL051   
   3011 1) NZL051   
   3012 1) NZL051   
   3013 1) NZL051   
   3014 1) NZL052   
   3015 1) NZL054   
   3016 1) NZL054   
   3017 1) NZL023   
   3018 1) NZL023   
   3019 1) NZL023   
   3020 1) NZL023   
   3021 1) NZL049   
   3022 1) NZL049   
   3023 1) NZL049   
   3024 1) NZL050   
   3025 1) NZL051   
   3026 1) NZL051   
   3027 1) NZL052   
   3028 1) NZL052   
   3029 1) NZL052   
   3030 1) NZL052   
   3031 1) NZL023   
   3032 1) NZL023   
   3033 1) NZL049   
   3034 1) NZL049   
   3035 1) NZL049   
   3036 1) NZL050   
   3037 1) NZL052   
   3038 1) NZL052   
   3039 1) NZL053   
   3040 1) NZL053   
   3041 1) NZL054   
   3042 1) NZL054   
   3043 1) NZL054   
   3044 1) NZL054   
   3045 1) NZL023   
   3046 1) NZL027   
   3047 1) NZL027   
   3048 1) NZL049   
   3049 1) NZL049   
   3050 1) NZL049   
   3051 1) NZL049   
   3052 1) NZL050   
   3053 1) NZL052   
   3054 1) NZL054   
   3055 1) NZL054   
   3056 1) NZL054   
   3057 1) NZL054   
   3058 1) NZL054   
   3059 1) NZL023   
   3060 1) NZL023   
   3061 1) NZL023   
   3062 1) NZL027   
   3063 1) NZL049   
   3064 1) NZL049   
   3065 1) NZL051   
   3066 1) NZL051   
   3067 1) NZL052   
   3068 1) NZL053   
   3069 1) NZL053   
   3070 1) NZL053   
   3071 1) NZL054   
   3072 1) NZL054   
   3073 1) NZL054   
   3074 1) NZL023   
   3075 1) NZL023   
   3076 1) NZL023   
   3077 1) NZL023   
   3078 1) NZL027   
   3079 1) NZL049   
   3080 1) NZL049   
   3081 1) NZL050   
   3082 1) NZL050   
   3083 1) NZL050   
   3084 1) NZL050   
   3085 1) NZL051   
   3086 1) NZL054   
   3087 1) NZL054   
   3088 1) NZL023   
   3089 1) NZL023   
   3090 1) NZL027   
   3091 1) NZL027   
   3092 1) NZL049   
   3093 1) NZL050   
   3094 1) NZL050   
   3095 1) NZL050   
   3096 1) NZL051   
   3097 1) NZL051   
   3098 1) NZL052   
   3099 1) NZL053   
   3100 1) NZL053   
   3101 1) NZL053   
   3102 1) AU0079   
   3103 1) AU0079   
   3104 1) NZL023   
   3105 1) NZL023   
   3106 1) NZL027   
   3107 1) NZL049   
   3108 1) NZL049   
   3109 1) NZL049   
   3110 1) NZL049   
   3111 1) NZL050   
   3112 1) NZL052   
   3113 1) NZL052   
   3114 1) NZL053   
   3115 1) NZL054   
   3116 1) NZL023   
   3117 1) NZL049   
   3118 1) NZL054   
   3119 1) NZL023   
   3120 1) NZL023   
   3121 1) NZL027   
   3122 1) NZL027   
   3123 1) NZL049   
   3124 1) NZL049   
   3125 1) NZL049   
   3126 1) NZL051   
   3127 1) NZL052   
   3128 1) NZL052   
   3129 1) NZL053   
   3130 1) NZL054   
   3131 1) NZL023   
   3132 1) NZL027   
   3133 1) NZL049   
   3134 1) NZL050   
   3135 1) NZL051   
   3136 1) NZL051   
   3137 1) NZL051   
   3138 1) NZL053   
   3139 1) NZL054   
   3140 1) NZL049   
   3141 1) NZL054   
   3142 1) NZL054   
   3143 1) NZL023   
   3144 1) NZL023   
   3145 1) NZL023   
   3146 1) NZL023   
   3147 1) NZL027   
   3148 1) NZL049   
   3149 1) NZL049   
   3150 1) NZL049   
   3151 1) NZL050   
   3152 1) NZL051   
   3153 1) NZL053   
   3154 1) NZL054   
   3155 1) NZL054   
   3156 1) NZL049   
   3157 1) NZL050   
   3158 1) NZL054   
   3159 1) NZL027   
   3160 1) NZL027   
   3161 1) NZL049   
   3162 1) NZL050   
   3163 1) NZL050   
   3164 1) NZL051   
   3165 1) NZL052   
   3166 1) NZL053   
   3167 1) NZL054   
   3168 1) NZL054   
   3169 1) NZL054   
   3170 1) NZL023   
   3171 1) NZL023   
   3172 1) NZL027   
   3173 1) NZL049   
   3174 1) NZL049   
   3175 1) NZL051   
   3176 1) NZL051   
   3177 1) NZL053   
   3178 1) NZL054   
   3179 1) NZL054   
   3180 1) NZL049   
   3181 1) NZL050   
   3182 1) NZL050   
   3183 1) NZL054   
   3184 1) NZL027   
   3185 1) NZL049   
   3186 1) NZL049   
   3187 1) NZL050   
   3188 1) NZL050   
   3189 1) NZL050   
   3190 1) NZL051   
   3191 1) NZL051   
   3192 1) NZL054   
   3193 1) NZL054   
   3194 1) NZL054   
   3195 1) NZL054   
   3196 1) NZL054   
   3197 1) AU0076   
   3198 1) AU0076   
   3199 1) AU0076   
   3200 1) EU5429   
   3201 1) AFZA25   
   3202 1) AFZA25   
   3203 1) AFZA25   
   3204 1) AFZA25   
   3205 1) AFZA25   
   3206 1) AFZA25   
   3207 1) AFZA25   
   3208 1) AFZA25   
   3209 1) AU0076   
   3210 1) AU0076   
   3211 1) NZL049   
   3212 1) NZL051   
   3213 1) NZL054   
   3214 1) AFZA76   
   3215 1) AFZA62   
   3216 1) AFZA62   
   3217 1) AFZA62   
   3218 1) AFZA62   
   3219 1) AFZA62   
   3220 1) AFZA62   
   3221 1) AFZA62   
   3222 1) AFZA62   
   3223 1) AFZA62   
   3224 1) AFZA62   
   3225 1) AFZA62   
   3226 1) AFZA62   
   3227 1) AFZA62   
   3228 1) AFZA62   
   3229 1) AFZA62   
   3230 1) NZL023   
   3231 1) NZL051   
   3232 1) AFZA05   
   3233 1) AFZA05   
   3234 1) AFZA05   
   3235 1) AFZA76   
   3236 1) AFZA76   
   3237 1) AFZA76   
   3238 1) AFZA76   
   3239 1) AFZA76   
   3240 1) AFZA76   
   3241 1) AFZA76   
   3242 1) AFZA76   
   3243 1) AFZA76   
   3244 1) AFZA76   
   3245 1) AFZA76   
   3246 1) AFZA26   
   3247 1) AFZA26   
   3248 1) AFZA26   
   3249 1) AFZA26   
   3250 1) AFZA26   
   3251 1) AFZA26   
   3252 1) AFZA26   
   3253 1) AFZA26   
   3254 1) EU0262   
   3255 1) EU0262   
   3256 1) AFZA07   
   3257 1) AFZA07   
   3258 1) EU0208   
   3259 1) EU0208   
   3260 1) EU0208   
   3261 1) EU0208   
   3262 1) EU0208   
   3263 1) EU0208   
   3264 1) EU0999   
   3265 1) EU0999   
   3266 1) EU0999   
   3267 1) EU0999   
   3268 1) EU0999   
   3269 1) EU0999   
   3270 1) EU0999   
   3271 1) EU0999   
   3272 1) EU0999   
   3273 1) EU0208   
   3274 1) EU0208   
   3275 1) EU0208   
   3276 1) EU0208   
   3277 1) EU0208   
   3278 1) EU0208   
   3279 1) EU0208   
   3280 1) EU0208   
   3281 1) EU0208   
   3282 1) EU0208   
   3283 1) EU0208   
   3284 1) EU0208   
   3285 1) EU0208   
   3286 1) EU0999   
   3287 1) EU0999   
   3288 1) EU0999   
   3289 1) EU0999   
   3290 1) EU0999   
   3291 1) EU0999   
   3292 1) EU0208   
   3293 1) EU0208   
   3294 1) EU0208   
   3295 1) EU0208   
   3296 1) EU0208   
   3297 1) EU0208   
   3298 1) EU0208   
   3299 1) EU0208   
   3300 1) EU0208   
   3301 1) EU0999   
   3302 1) EU0999   
   3303 1) EU0999   
   3304 1) EU0999   
   3305 1) EU0999   
   3306 1) EU0999   
   3307 1) EU0999   
   3308 1) EU0999   
   3309 1) EU0999   
   3310 1) EU0999   
   3311 1) EU0999   
   3312 1) EU0999   
   3313 1) EU0999   
   3314 1) EU0999   
   3315 1) AFZA62   
   3316 1) AFZA05   
   3317 1) AFZA05   
   3318 1) AFZA05   
   3319 1) AFZA05   
   3320 1) AFZA05   
   3321 1) AFZA65   
   3322 1) AFZA65   
   3323 1) AFZA77   
   3324 1) AFZA77   
   3325 1) AFZA77   
   3326 1) EU0208   
   3327 1) EU0208   
   3328 1) AU0078   
   3329 1) AU0078   
   3330 1) AFZA65   
   3331 1) AFZA77   
   3332 1) AFZA07   
   3333 1) AFZA07   
   3334 1) AFZA07   
   3335 1) AFZA07   
   3336 1) AFZA07   
   3337 1) AFZA65   
   3338 1) AFZA65   
   3339 1) AFZA65   
   3340 1) AFZA65   
   3341 1) AFZA77   
   3342 1) AFZA77   
   3343 1) AFZA77   
   3344 1) JP9Z4X57 
   3345 1) JP9Z4X57 
   3346 1) JP9Z4X57 
   3347 1) JP9Z4XX9 
   3348 1) JP9Z57VZ 
   3349 1) JP9Z57VZ 
   3350 1) JP9Z5YV9 
   3351 1) JP9ZV859 
   3352 1) JP9ZVY7Z 
   3353 1) JP9ZVY7Z 
   3354 1) JP9ZVY7Z 
   3355 1) AFZA21   
   3356 1) AFZA21   
   3357 1) AFZA21   
   3358 1) AFZA21   
   3359 1) JP9Z57VZ 
   3360 1) AFZA65   
   3361 1) AFZA77   
   3362 1) EU0999   
   3363 1) EU0999   
   3364 1) EU0999   
   3365 1) EU0999   
   3366 1) EU0999   
   3367 1) EU0999   
   3368 1) EU0999   
   3369 1) EU0999   
   3370 1) EU0999   
   3371 1) EU0999   
   3372 1) EU0999   
   3373 1) AFZA21   
   3374 1) AFZA21   
   3375 1) AFZA21   
   3376 1) AFZA21   
   3377 1) NZL023   
   3378 1) NZL027   
   3379 1) NZL050   
   3380 1) NZL050   
   3381 1) AFZA24   
   3382 1) AFZA24   
   3383 1) AFZA24   
   3384 1) AFZA24   
   3385 1) AFZA24   
   3386 1) AFZA24   
   3387 1) AFZA24   
   3388 1) AFZA24   
   3389 1) AFZA24   
   3390 1) AFZA24   
   3391 1) AFZA02   
   3392 1) AFZA02   
   3393 1) AFZA02   
   3394 1) AFZA02   
   3395 1) AFZA01   
   3396 1) AFZA01   
   3397 1) AFZA01   
   3398 1) AFZA01   
   3399 1) AFZA77   
   3400 1) AFZA77   
   3401 1) AFZA77   
   3402 1) AFZA24   
   3403 1) AFZA24   
   3404 1) AFZA24   
   3405 1) AFZA24   
   3406 1) AFZA24   
   3407 1) AFZA24   
   3408 1) AFZA01   
   3409 1) AFZA01   
   3410 1) AFZA01   
   3411 1) AFZA77   
   3412 1) AFZA77   
   3413 1) AFZA77   
   3414 1) AFZA77   
   3415 1) AFZA77   
   3416 1) AFZA02   
   3417 1) AFZA62   
   3418 1) AFZA62   
   3419 1) AFZA62   
   3420 1) AFZA62   
   3421 1) AFZA62   
   3422 1) AFZA62   
   3423 1) AFZA62   
   3424 1) AFZA62   
   3425 1) AFZA02   
   3426 1) AFZA02   
   3427 1) AFZA02   
   3428 1) AU0145   
   3429 1) AU0145   
   3430 1) AU0145   
   3431 1) AU0174   
   3432 1) AU0174   
   3433 1) AU0174   
   3434 1) AU0174   
   3435 1) AU0174   
   3436 1) AU0174   
   3437 1) AU0175   
   3438 1) AU0175   
   3439 1) AU0175   
   3440 1) VA0001   
   3441 1) VA0001   
   3442 1) AU0145   
   3443 1) AU0145   
   3444 1) AU0145   
   3445 1) AU0174   
   3446 1) AU0174   
   3447 1) AU0174   
   3448 1) AU0174   
   3449 1) AU0175   
   3450 1) AU0175   
   3451 1) AU0175   
   3452 1) AU0175   
   3453 1) VA0001   
   3454 1) VA0001   
   3455 1) VA0001   
   3456 1) VA0001   
   3457 1) AU0134   
   3458 1) AU0134   
   3459 1) AU0173   
   3460 1) AU0173   
   3461 1) AU0173   
   3462 1) AU0173   
   3463 1) VA0001   
   3464 1) VA0001   
   3465 1) VA0001   
   3466 1) VA0001   
   3467 1) VA0001   
   3468 1) VA0001   
   3469 1) AU0080   
   3470 1) AU0134   
   3471 1) AU0134   
   3472 1) AU0173   
   3473 1) AU0173   
   3474 1) VA0001   
   3475 1) VA0001   
   3476 1) VA0001   
   3477 1) VA0001   
   3478 1) VA0001   
   3479 1) VA0001   
   3480 1) AFZA64   
   3481 1) AFZA64   
   3482 1) AU0134   
   3483 1) AU0145   
   3484 1) AU0145   
   3485 1) AU0173   
   3486 1) AU0174   
   3487 1) AU0174   
   3488 1) AU0174   
   3489 1) AU0174   
   3490 1) AU0174   
   3491 1) AU0175   
   3492 1) VA0001   
   3493 1) VA0001   
   3494 1) VA0001   
   3495 1) VA0001   
   3496 1) AU0136   
   3497 1) AU0136   
   3498 1) AU0136   
   3499 1) AU0136   
   3500 1) AU0136   
   3501 1) AU0136   
   3502 1) AU0136   
   3503 1) AU0136   
   3504 1) AU0136   
   3505 1) AU0136   
   3506 1) AU0136   
   3507 1) AU0136   
   3508 1) AU0134   
   3509 1) AFZA64   
   3510 1) AFZA64   
   3511 1) AFZA64   
   3512 1) AFZA64   
   3513 1) AFZA64   
   3514 1) AU0134   
   3515 1) AU0173   
   3516 1) VA0001   
   3517 1) VA0001   
   3518 1) AU0080   
   3519 1) AU0080   
   3520 1) AU0080   
   3521 1) AU0080   
   3522 1) AU0136   
   3523 1) AU0136   
   3524 1) AU0136   
   3525 1) AU0079   
   3526 1) AU0079   
   3527 1) AU0079   
   3528 1) AU0174   
   3529 1) AU0174   
   3530 1) AU0174   
   3531 1) AU0174   
   3532 1) AU0174   
   3533 1) AU0174   
   3534 1) AU0174   
   3535 1) AU0174   
   3536 1) AU0140   
   3537 1) AU0140   
   3538 1) AU0140   
   3539 1) AU0140   
   3540 1) AU0140   
   3541 1) AU0140   
   3542 1) AU0140   
   3543 1) AU0140   
   3544 1) AU0145   
   3545 1) AU0145   
   3546 1) AU0145   
   3547 1) AU0145   
   3548 1) AU0145   
   3549 1) AU0145   
   3550 1) AU0145   
   3551 1) AU0145   
   3552 1) AU0186   
   3553 1) AU0186   
   3554 1) AU0186   
   3555 1) AU0186   
   3556 1) AU0186   
   3557 1) AU0186   
   3558 1) AU0140   
   3559 1) AU0140   
   3560 1) AU0140   
   3561 1) AU0140   
   3562 1) AU0140   
   3563 1) AU0140   
   3564 1) AU0140   
   3565 1) AU0140   
   3566 1) AU0163   
   3567 1) AU0163   
   3568 1) AU0163   
   3569 1) AU0163   
   3570 1) AU0163   
   3571 1) AU0163   
   3572 1) AU0163   
   3573 1) AU0059   
   3574 1) AU0059   
   3575 1) AU0059   
   3576 1) AU0059   
   3577 1) AU0059   
   3578 1) AU0080   
   3579 1) AU0080   
   3580 1) AU0080   
   3581 1) AU0080   
   3582 1) AU0080   
   3583 1) AU0163   
   3584 1) AU0163   
   3585 1) AU0163   
   3586 1) AU0163   
   3587 1) AU0163   
   3588 1) AU0163   
   3589 1) AU0163   
   3590 1) AU0163   
   3591 1) AU0136   
   3592 1) AU0136   
   3593 1) AU0136   
   3594 1) AU0136   
   3595 1) AU0136   
   3596 1) AU0136   
   3597 1) AU0136   
   3598 1) AU0059   
   3599 1) AU0059   
   3600 1) AU0140   
   3601 1) AU0140   
   3602 1) AU0140   
   3603 1) AU0140   
   3604 1) AU0140   
   3605 1) AU0140   
   3606 1) AU0140   
   3607 1) AU0175   
   3608 1) AU0175   
   3609 1) AU0175   
   3610 1) AU0175   
   3611 1) AU0145   
   3612 1) AU0145   
   3613 1) AU0145   
   3614 1) AU0145   
   3615 1) AU0145   
   3616 1) AU0145   
   3617 1) AU0145   
   3618 1) AU0145   
   3619 1) AU0079   
   3620 1) AU0079   
   3621 1) AU0079   
   3622 1) AU0079   
   3623 1) AU0079   
   3624 1) AU0079   
   3625 1) AU0079   
   3626 1) AU0079   
   3627 1) AU0079   
   3628 1) AU0079   
   3629 1) AU0079   
   3630 1) AU0079   
   3631 1) AU0079   
   3632 1) AU0079   
   3633 1) AU0079   
   3634 1) AU0079   
   3635 1) AU0079   
   3636 1) AU0079   
   3637 1) JP9Z4556 
   3638 1) JP9Z45Y9 
   3639 1) JP9Z4769 
   3640 1) JP9Z47U9 
   3641 1) JP9Z57VZ 
   3642 1) JP9Z57VZ 
   3643 1) JP9Z57VZ 
   3644 1) JP9Z58W1 
   3645 1) JP9Z58W1 
   3646 1) JP9Z58XZ 
   3647 1) JP9Z5YVZ 
   3648 1) JP9ZV859 
   3649 1) JP9ZV859 
   3650 1) JP9ZVY7Z 
   3651 1) JP9ZVY7Z 
   3652 1) JP9Z4689 
   3653 1) JP9Z4769 
   3654 1) JP9Z5789 
   3655 1) JP9Z5789 
   3656 1) JP9Z57VZ 
   3657 1) JP9Z57VZ 
   3658 1) JP9Z58W1 
   3659 1) JP9Z5YV9 
   3660 1) JP9Z5YVZ 
   3661 1) JP9ZV859 
   3662 1) JP9ZV859 
   3663 1) JP9ZVY7Z 
   3664 1) AU0136   
   3665 1) AU0163   
   3666 1) EU4463   
   3667 1) EU4463   
   3668 1) EU4463   
   3669 1) EU4463   
   3670 1) EU4463   
   3671 1) EU4463   
   3672 1) EU4463   
   3673 1) EU4463   
   3674 1) EU4463   
   3675 1) EU4463   
   3676 1) EU4463   
   3677 1) EU4463   
   3678 1) EU4463   
   3679 1) EU4463   
   3680 1) EU4463   
   3681 1) AFZA03   
   3682 1) AFZA03   
   3683 1) AFZA03   
   3684 1) AFZA03   
   3685 1) AFZA03   
   3686 1) AFZA03   
   3687 1) AFZA03   
   3688 1) AFZA03   
   3689 1) EU4463   
   3690 1) EU4463   
   3691 1) EU4463   
   3692 1) EU4463   
   3693 1) EU4463   
   3694 1) EU4463   
   3695 1) EU4463   
   3696 1) NZL054   
   3697 1) NZL054   
   3698 1) NZL050   
   3699 1) NZL054   
   3700 1) AU0079   
   3701 1) AFZA25   
   3702 1) AFZA25   
   3703 1) AFZA25   
   3704 1) AFZA25   
   3705 1) AFZA25   
   3706 1) AFZA25   
   3707 1) AFZA25   
   3708 1) AFZA25   
   3709 1) AU0079   
   3710 1) AFZA64   
   3711 1) NZL022   
   3712 1) NZL027   
   3713 1) NZL027   
   3714 1) NZL049   
   3715 1) NZL049   
   3716 1) NZL049   
   3717 1) NZL049   
   3718 1) NZL050   
   3719 1) NZL050   
   3720 1) NZL051   
   3721 1) NZL051   
   3722 1) NZL052   
   3723 1) NZL053   
   3724 1) NZL054   
   3725 1) NZL054   
   3726 1) JP9ZV859 
   3727 1) JP9ZV8V9 
   3728 1) JP9ZVY7Z 
   3729 1) NZL054   
   3730 1) NZL049   
   3731 1) NZL050   
   3732 1) NZL050   
   3733 1) NZL050   
   3734 1) NZL050   
   3735 1) NZL052   
   3736 1) NZL052   
   3737 1) NZL052   
   3738 1) NZL052   
   3739 1) NZL053   
   3740 1) NZL053   
   3741 1) NZL053   
   3742 1) NZL053   
   3743 1) NZL054   
   3744 1) NZL027   
   3745 1) NZL049   
   3746 1) NZL049   
   3747 1) NZL050   
   3748 1) NZL050   
   3749 1) NZL050   
   3750 1) NZL051   
   3751 1) NZL052   
   3752 1) NZL052   
   3753 1) NZL052   
   3754 1) NZL054   
   3755 1) NZL054   
   3756 1) NZL054   
   3757 1) NZL051   
   3758 1) NZL054   
   3759 1) NZL049   
   3760 1) NZL049   
   3761 1) NZL049   
   3762 1) NZL050   
   3763 1) NZL050   
   3764 1) NZL050   
   3765 1) NZL051   
   3766 1) NZL052   
   3767 1) NZL052   
   3768 1) NZL052   
   3769 1) NZL053   
   3770 1) NZL053   
   3771 1) NZL053   
   3772 1) NZL054   
   3773 1) NZL053   
   3774 1) NZL054   
   3775 1) NZL027   
   3776 1) NZL049   
   3777 1) NZL050   
   3778 1) NZL050   
   3779 1) NZL050   
   3780 1) NZL050   
   3781 1) NZL051   
   3782 1) NZL052   
   3783 1) NZL054   
   3784 1) NZL054   
   3785 1) NZL054   
   3786 1) NZL049   
   3787 1) NZL050   
   3788 1) NZL050   
   3789 1) NZL050   
   3790 1) NZL051   
   3791 1) NZL052   
   3792 1) NZL052   
   3793 1) NZL053   
   3794 1) NZL054   
   3795 1) NZL054   
   3796 1) NZL049   
   3797 1) NZL049   
   3798 1) NZL050   
   3799 1) NZL050   
   3800 1) NZL050   
   3801 1) NZL050   
   3802 1) NZL050   
   3803 1) NZL051   
   3804 1) NZL052   
   3805 1) NZL052   
   3806 1) NZL052   
   3807 1) NZL053   
   3808 1) NZL054   
   3809 1) NZL054   
   3810 1) NZL049   
   3811 1) NZL050   
   3812 1) AFZA09   
   3813 1) AFZA09   
   3814 1) EU3056   
   3815 1) EU3056   
   3816 1) EU3056   
   3817 1) EU3056   
   3818 1) EU3056   
   3819 1) EU3056   
   3820 1) EU3056   
   3821 1) EU3056   
   3822 1) EU3056   
   3823 1) EU4463   
   3824 1) EU4463   
   3825 1) EU4463   
   3826 1) EU4463   
   3827 1) EU3056   
   3828 1) EU3056   
   3829 1) EU3056   
   3830 1) EU3056   
   3831 1) EU3056   
   3832 1) EU3056   
   3833 1) AFZA09   
   3834 1) AFZA09   
   3835 1) AFZA09   
   3836 1) AFZA09   
   3837 1) AFZA09   
   3838 1) AFZA09   
   3839 1) EU3056   
   3840 1) EU3056   
   3841 1) EU3056   
   3842 1) EU3056   
   3843 1) EU3056   
   3844 1) EU3056   
   3845 1) EU4463   
   3846 1) AFZA05   
   3847 1) AFZA05   
   3848 1) AFZA05   
   3849 1) EU4463   
   3850 1) EU4463   
   3851 1) EU4463   
   3852 1) EU4463   
   3853 1) EU4463   
   3854 1) EU4463   
   3855 1) EU4463   
   3856 1) EU4463   
   3857 1) AFZA07   
   3858 1) AFZA07   
   3859 1) AFZA07   
   3860 1) AFZA05   
   3861 1) AFZA05   
   3862 1) AFZA05   
   3863 1) EU3056   
   3864 1) EU3056   
   3865 1) EU3056   
   3866 1) EU3056   
   3867 1) EU3056   
   3868 1) EU3056   
   3869 1) EU3056   
   3870 1) EU3056   
   3871 1) EU3056   
   3872 1) AFZA05   
   3873 1) AFZA05   
   3874 1) AFZA07   
   3875 1) AFZA07   
   3876 1) AFZA07   
   3877 1) AFZA07   
   3878 1) AFZA07   
   3879 1) AFZA24   
   3880 1) AFZA24   
   3881 1) AFZA24   
   3882 1) AFZA24   
   3883 1) AFZA24   
   3884 1) NZL027   
   3885 1) NZL049   
   3886 1) NZL050   
   3887 1) NZL050   
   3888 1) NZL050   
   3889 1) NZL051   
   3890 1) NZL052   
   3891 1) NZL052   
   3892 1) NZL053   
   3893 1) NZL054   
   3894 1) AFZA24   
   3895 1) AFZA24   
   3896 1) AFZA24   
   3897 1) AU0058   
   3898 1) AU0058   
   3899 1) JP9ZV859 
   3900 1) JP9ZV859 
   3901 1) AFZA21   
   3902 1) AFZA21   
   3903 1) AFZA21   
   3904 1) AFZA21   
   3905 1) AU0059   
   3906 1) AU0059   
   3907 1) AU0059   
   3908 1) AU0079   
   3909 1) AU0079   
   3910 1) AU0079   
   3911 1) AU0136   
   3912 1) AU0186   
   3913 1) AU0186   
   3914 1) AU0055   
   3915 1) AU0055   
   3916 1) AU0055   
   3917 1) AU0055   
   3918 1) AU0055   
   3919 1) AU0055   
   3920 1) AFZA65   
   3921 1) AFZA65   
   3922 1) AU0055   
   3923 1) AU0055   
   3924 1) AU0055   
   3925 1) AU0058   
   3926 1) AU0055   
   3927 1) AU0055   
   3928 1) AU0055   
   3929 1) JP9Z45Y9 
   3930 1) JP9Z4769 
   3931 1) JP9Z57VZ 
   3932 1) JP9Z58W1 
   3933 1) JP9Z58XZ 
   3934 1) JP9Z58XZ 
   3935 1) JP9Z5YV9 
   3936 1) JP9Z5YV9 
   3937 1) JP9ZV859 
   3938 1) JP9ZV8V9 
   3939 1) JP9ZVY7Z 
   3940 1) EU3056   
   3941 1) EU3056   
   3942 1) EU3056   
   3943 1) EU3056   
   3944 1) EU3056   
   3945 1) EU3056   
   3946 1) AFZA02   
   3947 1) AFZA73   
   3948 1) AFZA73   
   3949 1) AFZA73   
   3950 1) AFZA02   
   3951 1) AFZA02   
   3952 1) EU3056   
   3953 1) EU3056   
   3954 1) AFZA02   
   3955 1) AFZA02   
   3956 1) AFZA02   
   3957 1) AFZA65   
   3958 1) AFZA65   
   3959 1) AFZA65   
   3960 1) AFZA65   
   3961 1) AFZA65   
   3962 1) AFZA73   
   3963 1) AFZA73   
   3964 1) AFZA73   
   3965 1) AFZA64   
   3966 1) AFZA01   
   3967 1) AFZA01   
   3968 1) AFZA64   
   3969 1) AFZA01   
   3970 1) AFZA01   
   3971 1) AFZA01   
   3972 1) AFZA64   
   3973 1) AFZA64   
   3974 1) AFZA21   
   3975 1) AFZA21   
   3976 1) AFZA21   
   3977 1) AU0059   
   3978 1) AU0145   
   3979 1) AU0145   
   3980 1) AU0145   
   3981 1) AU0145   
   3982 1) AU0152   
   3983 1) AU0152   
   3984 1) AU0154   
   3985 1) AU0154   
   3986 1) AU0154   
   3987 1) AU0174   
   3988 1) AU0172   
   3989 1) AU0172   
   3990 1) AU0152   
   3991 1) AU0186   
   3992 1) AU0186   
   3993 1) AU0186   
   3994 1) AU0186   
   3995 1) AU0139   
   3996 1) AU0139   
   3997 1) AU0139   
   3998 1) AU0139   
   3999 1) AU0120   
   4000 1) AU0120   
   4001 1) AU0162   
   4002 1) AU0139   
   4003 1) AU0139   
   4004 1) AU0139   
   4005 1) AU0139   
   4006 1) AU0139   
   4007 1) AU0148   
   4008 1) AU0148   
   4009 1) AU0139   
   4010 1) AU0152   
   4011 1) AU0152   
   4012 1) AU0120   
   4013 1) AU0162   
   4014 1) AU0186   
   4015 1) AU0120   
   4016 1) AU0120   
   4017 1) AU0148   
   4018 1) AU0174   
   4019 1) AFZA03   
   4020 1) AU0120   
   4021 1) AU0145   
   4022 1) AU0186   
   4023 1) AU0186   
   4024 1) AU0120   
   4025 1) AU0120   
   4026 1) AU0174   
   4027 1) AU0174   
   4028 1) AU0154   
   4029 1) AU0154   
   4030 1) AU0172   
   4031 1) AU0148   
   4032 1) AU0145   
   4033 1) AU0139   
   4034 1) AU0139   
   4035 1) AU0139   
   4036 1) AU0139   
   4037 1) AU0139   
   4038 1) AU0174   
   4039 1) AU0139   
   4040 1) AU0152   
   4041 1) AU0152   
   4042 1) AU0154   
   4043 1) AU0154   
   4044 1) AU0154   
   4045 1) AU0154   
   4046 1) AU0145   
   4047 1) AU0145   
   4048 1) AU0162   
   4049 1) AU0151   
   4050 1) AU0151   
   4051 1) AU0151   
   4052 1) AU0151   
   4053 1) AU0151   
   4054 1) AU0151   
   4055 1) AU0151   
   4056 1) AU0151   
   4057 1) AU0151   
   4058 1) AU0151   
   4059 1) AU0151   
   4060 1) AU0151   
   4061 1) AU0139   
   4062 1) AU0139   
   4063 1) AU0139   
   4064 1) AU0139   
   4065 1) AU0139   
   4066 1) AU0139   
   4067 1) AU0139   
   4068 1) AU0139   
   4069 1) AU0151   
   4070 1) AU0151   
   4071 1) AU0151   
   4072 1) AU0151   
   4073 1) AU0151   
   4074 1) AU0151   
   4075 1) AU0159   
   4076 1) AU0159   
   4077 1) AU0159   
   4078 1) AU0159   
   4079 1) AU0159   
   4080 1) AU0159   
   4081 1) AU0159   
   4082 1) AU0159   
   4083 1) AU0159   
   4084 1) AU0159   
   4085 1) AU0159   
   4086 1) AU0159   
   4087 1) AU0159   
   4088 1) AU0159   
   4089 1) AU0159   
   4090 1) AU0120   
   4091 1) AU0120   
   4092 1) AU0120   
   4093 1) AU0120   
   4094 1) AU0140   
   4095 1) AU0140   
   4096 1) AU0140   
   4097 1) AU0140   
   4098 1) AU0140   
   4099 1) AU0080   
   4100 1) AU0080   
   4101 1) AU0080   
   4102 1) AU0080   
   4103 1) AU0080   
   4104 1) AU0080   
   4105 1) AU0187   
   4106 1) AU0187   
   4107 1) AU0187   
   4108 1) AU0187   
   4109 1) AU0134   
   4110 1) AU0134   
   4111 1) AU0152   
   4112 1) AU0152   
   4113 1) AU0152   
   4114 1) AU0152   
   4115 1) AU0152   
   4116 1) AU0123   
   4117 1) AU0123   
   4118 1) AU0123   
   4119 1) AU0123   
   4120 1) AU0134   
   4121 1) AU0134   
   4122 1) AU0134   
   4123 1) AU0134   
   4124 1) AU0134   
   4125 1) AU0134   
   4126 1) AU0134   
   4127 1) AU0134   
   4128 1) AU0134   
   4129 1) AU0134   
   4130 1) AU0186   
   4131 1) AU0186   
   4132 1) AU0186   
   4133 1) AU0186   
   4134 1) AU0186   
   4135 1) AU0136   
   4136 1) AU0136   
   4137 1) AU0136   
   4138 1) AU0136   
   4139 1) AU0136   
   4140 1) AU0136   
   4141 1) AU0136   
   4142 1) AU0136   
   4143 1) AU0162   
   4144 1) AU0162   
   4145 1) AU0162   
   4146 1) AU0162   
   4147 1) AU0162   
   4148 1) AU0162   
   4149 1) AU0162   
   4150 1) AU0120   
   4151 1) AU0120   
   4152 1) AU0120   
   4153 1) AU0120   
   4154 1) AU0120   
   4155 1) AU0120   
   4156 1) AU0120   
   4157 1) AU0120   
   4158 1) AU0162   
   4159 1) AU0162   
   4160 1) AU0162   
   4161 1) AU0162   
   4162 1) AU0162   
   4163 1) AU0162   
   4164 1) AU0162   
   4165 1) AU0162   
   4166 1) AU0080   
   4167 1) AU0121   
   4168 1) AU0080   
   4169 1) AU0121   
   4170 1) AU0121   
   4171 1) AU0080   
   4172 1) AU0121   
   4173 1) AU0080   
   4174 1) AU0080   
   4175 1) AU0121   
   4176 1) AU0080   
   4177 1) AU0080   
   4178 1) AU0121   
   4179 1) AU0152   
   4180 1) AU0121   
   4181 1) AU0121   
   4182 1) AU0163   
   4183 1) AU0163   
   4184 1) AU0163   
   4185 1) AU0163   
   4186 1) AU0163   
   4187 1) AU0163   
   4188 1) AU0163   
   4189 1) AU0163   
   4190 1) AU0059   
   4191 1) AU0059   
   4192 1) AU0059   
   4193 1) AU0059   
   4194 1) AU0080   
   4195 1) AU0080   
   4196 1) AU0080   
   4197 1) AU0174   
   4198 1) AU0174   
   4199 1) AU0174   
   4200 1) JP9Z4769 
   4201 1) JP9Z4556 
   4202 1) JP9Z45Y9 
   4203 1) JP9Z4689 
   4204 1) JP9Z4769 
   4205 1) JP9Z4769 
   4206 1) JP9Z4769 
   4207 1) JP9Z4769 
   4208 1) JP9Z4769 
   4209 1) JP9Z5789 
   4210 1) JP9Z57VZ 
   4211 1) JP9Z5YVZ 
   4212 1) JP9ZV8V9 
   4213 1) JP9Z58W1 
   4214 1) AFZA03   
   4215 1) NZL050   
   4216 1) AU0174   
   4217 1) AU0174   
   4218 1) AU0186   
   4219 1) NZL050   
   4220 1) NZL050   
   4221 1) NZL050   
   4222 1) NZL051   
   4223 1) NZL049   
   4224 1) NZL050   
   4225 1) NZL050   
   4226 1) NZL051   
   4227 1) NZL053   
   4228 1) NZL053   
   4229 1) NZL053   
   4230 1) NZL053   
   4231 1) NZL050   
   4232 1) NZL050   
   4233 1) NZL050   
   4234 1) NZL051   
   4235 1) NZL052   
   4236 1) NZL052   
   4237 1) NZL053   
   4238 1) NZL049   
   4239 1) NZL049   
   4240 1) NZL050   
   4241 1) NZL050   
   4242 1) NZL052   
   4243 1) NZL050   
   4244 1) NZL052   
   4245 1) NZL053   
   4246 1) NZL053   
   4247 1) NZL051   
   4248 1) NZL051   
   4249 1) NZL051   
   4250 1) NZL053   
   4251 1) NZL054   
   4252 1) NZL053   
   4253 1) NZL052   
   4254 1) NZL053   
   4255 1) NZL049   
   4256 1) NZL050   
   4257 1) NZL050   
   4258 1) NZL051   
   4259 1) NZL052   
   4260 1) NZL052   
   4261 1) NZL053   
   4262 1) NZL049   
   4263 1) NZL052   
   4264 1) NZL053   
   4265 1) NZL050   
   4266 1) NZL050   
   4267 1) NZL053   
   4268 1) NZL050   
   4269 1) NZL050   
   4270 1) NZL050   
   4271 1) NZL053   
   4272 1) NZL050   
   4273 1) NZL051   
   4274 1) NZL051   
   4275 1) NZL052   
   4276 1) NZL052   
   4277 1) NZL050   
   4278 1) NZL051   
   4279 1) NZL052   
   4280 1) AFZA26   
   4281 1) AFZA26   
   4282 1) AFZA26   
   4283 1) AU0055   
   4284 1) AU0076   
   4285 1) AU0076   
   4286 1) AU0134   
   4287 1) AU0134   
   4288 1) AU0134   
   4289 1) AU0134   
   4290 1) AU0134   
   4291 1) AU0134   
   4292 1) AU0186   
   4293 1) AU0186   
   4294 1) AU0151   
   4295 1) AU0151   
   4296 1) AU0151   
   4297 1) AU0151   
   4298 1) AU0152   
   4299 1) AU0152   
   4300 1) AU0152   
   4301 1) AU0154   
   4302 1) AU0154   
   4303 1) AU0159   
   4304 1) AU0162   
   4305 1) AU0055   
   4306 1) AU0055   
   4307 1) AU0055   
   4308 1) AU0152   
   4309 1) AU0152   
   4310 1) AU0152   
   4311 1) AU0152   
   4312 1) AU0152   
   4313 1) AU0154   
   4314 1) AU0154   
   4315 1) AU0154   
   4316 1) AU0154   
   4317 1) AU0154   
   4318 1) AU0154   
   4319 1) AU0154   
   4320 1) NZL050   
   4321 1) NZL051   
   4322 1) NZL051   
   4323 1) AU0178   
   4324 1) AU0153   
   4325 1) AU0160   
   4326 1) VA0001   
   4327 1) VA0001   
   4328 1) AU0153   
   4329 1) AU0165   
   4330 1) AU0159   
   4331 1) AU0159   
   4332 1) AU0153   
   4333 1) AU0153   
   4334 1) AU0153   
   4335 1) AU0153   
   4336 1) AU0153   
   4337 1) AU0153   
   4338 1) VA0001   
   4339 1) VA0001   
   4340 1) VA0001   
   4341 1) VA0001   
   4342 1) VA0001   
   4343 1) VA0001   
   4344 1) AU0050   
   4345 1) AU0050   
   4346 1) AU0050   
   4347 1) AU0050   
   4348 1) AU0050   
   4349 1) AU0050   
   4350 1) AU0050   
   4351 1) AU0050   
   4352 1) AU0050   
   4353 1) AU0050   
   4354 1) AU0050   
   4355 1) AU0050   
   4356 1) AU0050   
   4357 1) AU0050   
   4358 1) AU0050   
   4359 1) AU0050   
   4360 1) AU0050   
   4361 1) AU0050   
   4362 1) AU0050   
   4363 1) AU0050   
   4364 1) AU0050   
   4365 1) AU0050   
   4366 1) AU0050   
   4367 1) AU0050   
